2024-07-10 23:53:14,058 - INFO - Using device: cuda
2024-07-10 23:53:14,976 - INFO - Epoch 1/10
2024-07-10 23:54:22,215 - INFO - Epoch 1 - Train Loss: 0.8634, Train mIoU: 0.2776
2024-07-10 23:54:56,074 - INFO - Epoch 1 - Val Loss: 0.7144, Val mIoU: 0.3176
2024-07-10 23:54:56,219 - INFO - Epoch 1 - Best model saved with mIoU: 0.3176
2024-07-10 23:54:56,219 - INFO - Epoch 2/10
2024-07-10 23:56:07,290 - INFO - Epoch 2 - Train Loss: 0.6902, Train mIoU: 0.3433
2024-07-10 23:56:41,620 - INFO - Epoch 2 - Val Loss: 0.6941, Val mIoU: 0.3306
2024-07-10 23:56:41,776 - INFO - Epoch 2 - Best model saved with mIoU: 0.3306
2024-07-10 23:56:41,776 - INFO - Epoch 3/10
2024-07-10 23:57:47,162 - INFO - Epoch 3 - Train Loss: 0.6380, Train mIoU: 0.3635
2024-07-10 23:58:20,950 - INFO - Epoch 3 - Val Loss: 0.6397, Val mIoU: 0.3641
2024-07-10 23:58:21,100 - INFO - Epoch 3 - Best model saved with mIoU: 0.3641
2024-07-10 23:58:21,100 - INFO - Epoch 4/10
2024-07-10 23:59:26,179 - INFO - Epoch 4 - Train Loss: 0.6137, Train mIoU: 0.3697
2024-07-11 00:00:02,041 - INFO - Epoch 4 - Val Loss: 0.6637, Val mIoU: 0.3284
2024-07-11 00:00:02,041 - INFO - Epoch 5/10
2024-07-11 00:01:07,490 - INFO - Epoch 5 - Train Loss: 0.5799, Train mIoU: 0.3823
2024-07-11 00:01:41,722 - INFO - Epoch 5 - Val Loss: 0.6020, Val mIoU: 0.3642
2024-07-11 00:01:41,863 - INFO - Epoch 5 - Best model saved with mIoU: 0.3642
2024-07-11 00:01:42,242 - INFO - Checkpoint saved: model_checkpoints\checkpoint_epoch_5.pth
2024-07-11 00:01:42,242 - INFO - Epoch 5 - Checkpoint saved
2024-07-11 00:01:42,242 - INFO - Epoch 6/10
2024-07-11 00:02:48,530 - INFO - Epoch 6 - Train Loss: 0.5795, Train mIoU: 0.3809
2024-07-11 00:03:22,203 - INFO - Epoch 6 - Val Loss: 0.7247, Val mIoU: 0.3272
2024-07-11 00:03:22,203 - INFO - Epoch 7/10
2024-07-11 00:04:28,953 - INFO - Using device: cuda
2024-07-11 00:04:30,344 - INFO - Epoch 1/30
2024-07-11 00:05:36,044 - INFO - Epoch 1 - Train Loss: 0.8748, Train mIoU: 0.2850
2024-07-11 00:06:09,606 - INFO - Epoch 1 - Val Loss: 0.7687, Val mIoU: 0.3057
2024-07-11 00:06:09,745 - INFO - Epoch 1 - Best model saved with mIoU: 0.3057
2024-07-11 00:06:09,745 - INFO - Epoch 2/30
2024-07-11 00:07:14,933 - INFO - Epoch 2 - Train Loss: 0.6974, Train mIoU: 0.3385
2024-07-11 00:07:48,486 - INFO - Epoch 2 - Val Loss: 0.7360, Val mIoU: 0.3225
2024-07-11 00:07:48,633 - INFO - Epoch 2 - Best model saved with mIoU: 0.3225
2024-07-11 00:07:48,633 - INFO - Epoch 3/30
2024-07-11 00:08:59,005 - INFO - Epoch 3 - Train Loss: 0.6586, Train mIoU: 0.3450
2024-07-11 00:09:33,366 - INFO - Epoch 3 - Val Loss: 0.6789, Val mIoU: 0.3190
2024-07-11 00:09:33,366 - INFO - Epoch 4/30
2024-07-11 00:10:39,465 - INFO - Epoch 4 - Train Loss: 0.6417, Train mIoU: 0.3558
2024-07-11 00:11:13,630 - INFO - Epoch 4 - Val Loss: 0.6406, Val mIoU: 0.3563
2024-07-11 00:11:13,767 - INFO - Epoch 4 - Best model saved with mIoU: 0.3563
2024-07-11 00:11:13,767 - INFO - Epoch 5/30
2024-07-11 00:12:20,350 - INFO - Epoch 5 - Train Loss: 0.5915, Train mIoU: 0.3715
2024-07-11 00:12:54,002 - INFO - Epoch 5 - Val Loss: 0.6106, Val mIoU: 0.3640
2024-07-11 00:12:54,146 - INFO - Epoch 5 - Best model saved with mIoU: 0.3640
2024-07-11 00:12:54,552 - INFO - Checkpoint saved: model_checkpoints\checkpoint_epoch_5.pth
2024-07-11 00:12:54,552 - INFO - Epoch 5 - Checkpoint saved
2024-07-11 00:12:54,552 - INFO - Epoch 6/30
2024-07-11 00:14:00,465 - INFO - Epoch 6 - Train Loss: 0.5937, Train mIoU: 0.3737
2024-07-11 00:14:37,020 - INFO - Epoch 6 - Val Loss: 0.6036, Val mIoU: 0.3637
2024-07-11 00:14:37,020 - INFO - Epoch 7/30
2024-07-11 00:15:42,103 - INFO - Epoch 7 - Train Loss: 0.5622, Train mIoU: 0.3922
2024-07-11 00:16:15,801 - INFO - Epoch 7 - Val Loss: 0.5892, Val mIoU: 0.3710
2024-07-11 00:16:15,953 - INFO - Epoch 7 - Best model saved with mIoU: 0.3710
2024-07-11 00:16:15,953 - INFO - Epoch 8/30
2024-07-11 00:17:21,419 - INFO - Epoch 8 - Train Loss: 0.5944, Train mIoU: 0.3714
2024-07-11 00:17:55,332 - INFO - Epoch 8 - Val Loss: 0.6596, Val mIoU: 0.3448
2024-07-11 00:17:55,333 - INFO - Epoch 9/30
2024-07-11 00:19:03,254 - INFO - Epoch 9 - Train Loss: 0.5714, Train mIoU: 0.3777
2024-07-11 00:19:39,079 - INFO - Epoch 9 - Val Loss: 0.6350, Val mIoU: 0.3546
2024-07-11 00:19:39,079 - INFO - Epoch 10/30
2024-07-11 00:58:14,702 - INFO - Epoch 10 - Train Loss: 0.5482, Train mIoU: 0.3801
2024-07-11 00:58:50,382 - INFO - Epoch 10 - Val Loss: 0.5616, Val mIoU: 0.3713
2024-07-11 00:58:50,544 - INFO - Epoch 10 - Best model saved with mIoU: 0.3713
2024-07-11 00:58:50,952 - INFO - Checkpoint saved: model_checkpoints\checkpoint_epoch_10.pth
2024-07-11 00:58:50,952 - INFO - Epoch 10 - Checkpoint saved
2024-07-11 00:58:50,952 - INFO - Epoch 11/30
2024-07-11 01:00:11,714 - INFO - Epoch 11 - Train Loss: 0.5317, Train mIoU: 0.3945
2024-07-11 01:00:54,519 - INFO - Epoch 11 - Val Loss: 0.5565, Val mIoU: 0.3794
2024-07-11 01:00:54,668 - INFO - Epoch 11 - Best model saved with mIoU: 0.3794
2024-07-11 01:00:54,669 - INFO - Epoch 12/30
2024-07-11 01:02:31,957 - INFO - Epoch 12 - Train Loss: 0.5245, Train mIoU: 0.3908
2024-07-11 01:03:15,536 - INFO - Epoch 12 - Val Loss: 0.5511, Val mIoU: 0.3912
2024-07-11 01:03:15,693 - INFO - Epoch 12 - Best model saved with mIoU: 0.3912
2024-07-11 01:03:15,693 - INFO - Epoch 13/30
2024-07-11 01:04:24,693 - INFO - Epoch 13 - Train Loss: 0.5136, Train mIoU: 0.4029
2024-07-11 01:05:08,057 - INFO - Epoch 13 - Val Loss: 0.5598, Val mIoU: 0.3849
2024-07-11 01:05:08,057 - INFO - Epoch 14/30
2024-07-11 01:06:40,459 - INFO - Epoch 14 - Train Loss: 0.5061, Train mIoU: 0.4093
2024-07-11 01:07:22,110 - INFO - Epoch 14 - Val Loss: 0.5732, Val mIoU: 0.3696
2024-07-11 01:07:22,110 - INFO - Epoch 15/30
2024-07-11 01:09:02,374 - INFO - Epoch 15 - Train Loss: 0.5274, Train mIoU: 0.3989
2024-07-11 01:09:35,937 - INFO - Epoch 15 - Val Loss: 0.5745, Val mIoU: 0.3655
2024-07-11 01:09:36,353 - INFO - Checkpoint saved: model_checkpoints\checkpoint_epoch_15.pth
2024-07-11 01:09:36,353 - INFO - Epoch 15 - Checkpoint saved
2024-07-11 01:09:36,353 - INFO - Epoch 16/30
2024-07-11 01:10:58,799 - INFO - Epoch 16 - Train Loss: 0.5038, Train mIoU: 0.4066
2024-07-11 01:11:33,136 - INFO - Epoch 16 - Val Loss: 0.5557, Val mIoU: 0.3913
2024-07-11 01:11:33,279 - INFO - Epoch 16 - Best model saved with mIoU: 0.3913
2024-07-11 01:11:33,279 - INFO - Epoch 17/30
2024-07-11 01:13:06,547 - INFO - Epoch 17 - Train Loss: 0.4839, Train mIoU: 0.4167
2024-07-11 01:13:49,236 - INFO - Epoch 17 - Val Loss: 0.5509, Val mIoU: 0.3898
2024-07-11 01:13:49,236 - INFO - Epoch 18/30
2024-07-11 01:15:33,521 - INFO - Epoch 18 - Train Loss: 0.4872, Train mIoU: 0.4137
2024-07-11 01:16:14,422 - INFO - Epoch 18 - Val Loss: 0.6052, Val mIoU: 0.3760
2024-07-11 01:16:14,423 - INFO - Epoch 19/30
2024-07-11 01:17:35,171 - INFO - Epoch 19 - Train Loss: 0.4879, Train mIoU: 0.4056
2024-07-11 01:18:08,888 - INFO - Epoch 19 - Val Loss: 0.5589, Val mIoU: 0.3870
2024-07-11 01:18:08,888 - INFO - Epoch 20/30
2024-07-11 01:19:14,605 - INFO - Epoch 20 - Train Loss: 0.4778, Train mIoU: 0.4106
2024-07-11 01:19:54,947 - INFO - Epoch 20 - Val Loss: 0.5424, Val mIoU: 0.3976
2024-07-11 01:19:55,098 - INFO - Epoch 20 - Best model saved with mIoU: 0.3976
2024-07-11 01:19:55,522 - INFO - Checkpoint saved: model_checkpoints\checkpoint_epoch_20.pth
2024-07-11 01:19:55,522 - INFO - Epoch 20 - Checkpoint saved
2024-07-11 01:19:55,522 - INFO - Epoch 21/30
2024-07-11 01:21:18,171 - INFO - Epoch 21 - Train Loss: 0.4771, Train mIoU: 0.4127
2024-07-11 01:21:52,028 - INFO - Epoch 21 - Val Loss: 0.5385, Val mIoU: 0.3971
2024-07-11 01:21:52,029 - INFO - Epoch 22/30
2024-07-11 01:22:59,120 - INFO - Epoch 22 - Train Loss: 0.4529, Train mIoU: 0.4280
2024-07-11 01:23:40,625 - INFO - Epoch 22 - Val Loss: 0.5406, Val mIoU: 0.4028
2024-07-11 01:23:40,797 - INFO - Epoch 22 - Best model saved with mIoU: 0.4028
2024-07-11 01:23:40,797 - INFO - Epoch 23/30
2024-07-11 01:24:52,240 - INFO - Epoch 23 - Train Loss: 0.4463, Train mIoU: 0.4295
2024-07-11 01:25:25,993 - INFO - Epoch 23 - Val Loss: 0.5572, Val mIoU: 0.3943
2024-07-11 01:25:25,993 - INFO - Epoch 24/30
2024-07-11 01:27:00,946 - INFO - Epoch 24 - Train Loss: 0.4489, Train mIoU: 0.4315
2024-07-11 01:27:42,567 - INFO - Epoch 24 - Val Loss: 0.5459, Val mIoU: 0.3961
2024-07-11 01:27:42,567 - INFO - Epoch 25/30
2024-07-11 01:29:18,930 - INFO - Epoch 25 - Train Loss: 0.4638, Train mIoU: 0.4233
2024-07-11 01:30:01,652 - INFO - Epoch 25 - Val Loss: 0.5660, Val mIoU: 0.3950
2024-07-11 01:30:02,068 - INFO - Checkpoint saved: model_checkpoints\checkpoint_epoch_25.pth
2024-07-11 01:30:02,068 - INFO - Epoch 25 - Checkpoint saved
2024-07-11 01:30:02,068 - INFO - Epoch 26/30
2024-07-11 01:31:07,640 - INFO - Epoch 26 - Train Loss: 0.4350, Train mIoU: 0.4438
2024-07-11 01:31:41,676 - INFO - Epoch 26 - Val Loss: 0.5554, Val mIoU: 0.4044
2024-07-11 01:31:41,814 - INFO - Epoch 26 - Best model saved with mIoU: 0.4044
2024-07-11 01:31:41,814 - INFO - Epoch 27/30
2024-07-11 01:32:50,963 - INFO - Epoch 27 - Train Loss: 0.4333, Train mIoU: 0.4394
2024-07-11 01:33:25,144 - INFO - Epoch 27 - Val Loss: 0.5704, Val mIoU: 0.3906
2024-07-11 01:33:25,154 - INFO - Epoch 28/30
2024-07-11 01:34:30,403 - INFO - Epoch 28 - Train Loss: 0.4237, Train mIoU: 0.4419
2024-07-11 01:35:04,076 - INFO - Epoch 28 - Val Loss: 0.5615, Val mIoU: 0.3889
2024-07-11 01:35:04,076 - INFO - Epoch 29/30
2024-07-11 01:36:10,221 - INFO - Epoch 29 - Train Loss: 0.4179, Train mIoU: 0.4514
2024-07-11 01:36:44,013 - INFO - Epoch 29 - Val Loss: 0.5429, Val mIoU: 0.4026
2024-07-11 01:36:44,013 - INFO - Epoch 30/30
2024-07-11 01:37:48,817 - INFO - Epoch 30 - Train Loss: 0.4096, Train mIoU: 0.4498
2024-07-11 01:38:22,787 - INFO - Epoch 30 - Val Loss: 0.5601, Val mIoU: 0.4029
2024-07-11 01:38:23,197 - INFO - Checkpoint saved: model_checkpoints\checkpoint_epoch_30.pth
2024-07-11 01:38:23,198 - INFO - Epoch 30 - Checkpoint saved
2024-07-11 01:38:23,198 - INFO - Training completed after 30 epochs.
2024-07-11 01:38:23,198 - INFO - Training completed!
