2024-07-21 08:23:27,376 - INFO - Using device: cuda
2024-07-21 08:23:27,902 - INFO - Epoch 1/60
2024-07-21 08:31:02,742 - INFO - Using device: cuda
2024-07-21 08:31:03,065 - INFO - Epoch 1/60
2024-07-21 08:44:03,003 - INFO - Using device: cuda
2024-07-21 08:44:03,354 - INFO - Epoch 1/60
2024-07-21 09:07:29,187 - INFO - Epoch 1 - Train Loss: 1.8929, Train mIoU: 0.1765, Train Pixel Acc: 0.6366, Train Dice: 0.2162
2024-07-21 09:13:55,254 - INFO - Epoch 1 - Val Loss: 1.4872, Val mIoU: 0.2630, Val Pixel Acc: 0.7643, Val Dice: 0.3031
2024-07-21 09:13:55,570 - INFO - Epoch 1 - Best model saved with Val mIoU: 0.2630
2024-07-21 09:13:55,571 - INFO - Current learning rate: 0.000050
2024-07-21 09:13:55,572 - INFO - Epoch 2/60
2024-07-21 09:37:20,305 - INFO - Epoch 2 - Train Loss: 1.3019, Train mIoU: 0.4096, Train Pixel Acc: 0.7958, Train Dice: 0.4469
2024-07-21 09:43:48,816 - INFO - Epoch 2 - Val Loss: 1.1657, Val mIoU: 0.5132, Val Pixel Acc: 0.8056, Val Dice: 0.5493
2024-07-21 09:43:49,182 - INFO - Epoch 2 - Best model saved with Val mIoU: 0.5132
2024-07-21 09:43:49,184 - INFO - Current learning rate: 0.000050
2024-07-21 09:43:49,185 - INFO - Epoch 3/60
2024-07-21 10:07:03,533 - INFO - Epoch 3 - Train Loss: 1.1171, Train mIoU: 0.5281, Train Pixel Acc: 0.8128, Train Dice: 0.5640
2024-07-21 10:13:23,543 - INFO - Epoch 3 - Val Loss: 1.0383, Val mIoU: 0.5393, Val Pixel Acc: 0.8237, Val Dice: 0.5745
2024-07-21 10:13:23,902 - INFO - Epoch 3 - Best model saved with Val mIoU: 0.5393
2024-07-21 10:13:23,903 - INFO - Current learning rate: 0.000050
2024-07-21 10:13:23,904 - INFO - Epoch 4/60
2024-07-21 10:36:32,180 - INFO - Epoch 4 - Train Loss: 0.9963, Train mIoU: 0.5451, Train Pixel Acc: 0.8212, Train Dice: 0.5801
2024-07-21 10:42:56,696 - INFO - Epoch 4 - Val Loss: 0.9399, Val mIoU: 0.5375, Val Pixel Acc: 0.8249, Val Dice: 0.5732
2024-07-21 10:42:56,697 - INFO - Current learning rate: 0.000050
2024-07-21 10:42:56,698 - INFO - Epoch 5/60
2024-07-21 11:05:54,947 - INFO - Epoch 5 - Train Loss: 0.9168, Train mIoU: 0.5521, Train Pixel Acc: 0.8250, Train Dice: 0.5869
2024-07-21 11:12:17,439 - INFO - Epoch 5 - Val Loss: 0.8628, Val mIoU: 0.5444, Val Pixel Acc: 0.8298, Val Dice: 0.5788
2024-07-21 11:12:17,800 - INFO - Epoch 5 - Best model saved with Val mIoU: 0.5444
2024-07-21 11:12:17,801 - INFO - Current learning rate: 0.000050
2024-07-21 11:12:17,802 - INFO - Epoch 6/60
2024-07-21 11:35:32,361 - INFO - Epoch 6 - Train Loss: 0.8495, Train mIoU: 0.5521, Train Pixel Acc: 0.8292, Train Dice: 0.5870
2024-07-21 11:41:55,920 - INFO - Epoch 6 - Val Loss: 0.8179, Val mIoU: 0.5459, Val Pixel Acc: 0.8324, Val Dice: 0.5807
2024-07-21 11:41:56,259 - INFO - Epoch 6 - Best model saved with Val mIoU: 0.5459
2024-07-21 11:41:56,260 - INFO - Current learning rate: 0.000050
2024-07-21 11:41:56,261 - INFO - Epoch 7/60
2024-07-21 12:05:00,473 - INFO - Epoch 7 - Train Loss: 0.7978, Train mIoU: 0.5518, Train Pixel Acc: 0.8327, Train Dice: 0.5872
2024-07-21 12:11:26,595 - INFO - Epoch 7 - Val Loss: 0.7833, Val mIoU: 0.5337, Val Pixel Acc: 0.8272, Val Dice: 0.5685
2024-07-21 12:11:26,596 - INFO - Current learning rate: 0.000050
2024-07-21 12:11:26,597 - INFO - Epoch 8/60
2024-07-21 12:34:47,375 - INFO - Epoch 8 - Train Loss: 0.7634, Train mIoU: 0.5503, Train Pixel Acc: 0.8341, Train Dice: 0.5868
2024-07-21 12:41:10,824 - INFO - Epoch 8 - Val Loss: 0.7487, Val mIoU: 0.5301, Val Pixel Acc: 0.8344, Val Dice: 0.5676
2024-07-21 12:41:10,825 - INFO - Current learning rate: 0.000050
2024-07-21 12:41:10,825 - INFO - Epoch 9/60
2024-07-21 13:04:22,917 - INFO - Epoch 9 - Train Loss: 0.7268, Train mIoU: 0.5572, Train Pixel Acc: 0.8381, Train Dice: 0.5966
2024-07-21 13:10:44,859 - INFO - Epoch 9 - Val Loss: 0.7044, Val mIoU: 0.5405, Val Pixel Acc: 0.8384, Val Dice: 0.5814
2024-07-21 13:10:44,860 - INFO - Current learning rate: 0.000050
2024-07-21 13:10:44,861 - INFO - Epoch 10/60
2024-07-21 13:33:50,179 - INFO - Epoch 10 - Train Loss: 0.7034, Train mIoU: 0.5581, Train Pixel Acc: 0.8395, Train Dice: 0.5991
2024-07-21 13:40:18,447 - INFO - Epoch 10 - Val Loss: 0.6904, Val mIoU: 0.5619, Val Pixel Acc: 0.8392, Val Dice: 0.6055
2024-07-21 13:40:18,783 - INFO - Epoch 10 - Best model saved with Val mIoU: 0.5619
2024-07-21 13:40:18,785 - INFO - Current learning rate: 0.000050
2024-07-21 13:40:18,786 - INFO - Epoch 11/60
2024-07-21 14:03:39,191 - INFO - Epoch 11 - Train Loss: 0.6792, Train mIoU: 0.5600, Train Pixel Acc: 0.8421, Train Dice: 0.6041
2024-07-21 14:10:05,433 - INFO - Epoch 11 - Val Loss: 0.6756, Val mIoU: 0.5542, Val Pixel Acc: 0.8385, Val Dice: 0.5972
2024-07-21 14:10:05,434 - INFO - Current learning rate: 0.000050
2024-07-21 14:10:05,435 - INFO - Epoch 12/60
2024-07-21 14:33:27,652 - INFO - Epoch 12 - Train Loss: 0.6603, Train mIoU: 0.5713, Train Pixel Acc: 0.8440, Train Dice: 0.6170
2024-07-21 14:39:58,546 - INFO - Epoch 12 - Val Loss: 0.6592, Val mIoU: 0.5505, Val Pixel Acc: 0.8408, Val Dice: 0.5941
2024-07-21 14:39:58,548 - INFO - Current learning rate: 0.000050
2024-07-21 14:39:58,548 - INFO - Epoch 13/60
2024-07-21 15:03:17,915 - INFO - Epoch 13 - Train Loss: 0.6480, Train mIoU: 0.5717, Train Pixel Acc: 0.8442, Train Dice: 0.6182
2024-07-21 15:09:43,165 - INFO - Epoch 13 - Val Loss: 0.6580, Val mIoU: 0.5575, Val Pixel Acc: 0.8389, Val Dice: 0.6015
2024-07-21 15:09:43,166 - INFO - Current learning rate: 0.000050
2024-07-21 15:09:43,167 - INFO - Epoch 14/60
2024-07-21 15:33:30,835 - INFO - Epoch 14 - Train Loss: 0.6352, Train mIoU: 0.5794, Train Pixel Acc: 0.8456, Train Dice: 0.6260
2024-07-21 15:40:13,001 - INFO - Epoch 14 - Val Loss: 0.6396, Val mIoU: 0.5518, Val Pixel Acc: 0.8427, Val Dice: 0.5977
2024-07-21 15:40:13,002 - INFO - Current learning rate: 0.000050
2024-07-21 15:40:13,003 - INFO - Epoch 15/60
2024-07-21 16:03:45,729 - INFO - Epoch 15 - Train Loss: 0.6269, Train mIoU: 0.5767, Train Pixel Acc: 0.8453, Train Dice: 0.6250
2024-07-21 16:10:18,064 - INFO - Epoch 15 - Val Loss: 0.6266, Val mIoU: 0.5742, Val Pixel Acc: 0.8421, Val Dice: 0.6228
2024-07-21 16:10:18,429 - INFO - Epoch 15 - Best model saved with Val mIoU: 0.5742
2024-07-21 16:10:18,431 - INFO - Current learning rate: 0.000050
2024-07-21 16:10:18,432 - INFO - Epoch 16/60
2024-07-21 16:34:13,786 - INFO - Epoch 16 - Train Loss: 0.6139, Train mIoU: 0.5850, Train Pixel Acc: 0.8471, Train Dice: 0.6332
2024-07-21 16:40:51,339 - INFO - Epoch 16 - Val Loss: 0.6185, Val mIoU: 0.5612, Val Pixel Acc: 0.8441, Val Dice: 0.6066
2024-07-21 16:40:51,340 - INFO - Current learning rate: 0.000050
2024-07-21 16:40:51,341 - INFO - Epoch 17/60
2024-07-21 17:04:26,653 - INFO - Epoch 17 - Train Loss: 0.6074, Train mIoU: 0.5905, Train Pixel Acc: 0.8480, Train Dice: 0.6393
2024-07-21 17:10:58,825 - INFO - Epoch 17 - Val Loss: 0.6125, Val mIoU: 0.5705, Val Pixel Acc: 0.8457, Val Dice: 0.6169
2024-07-21 17:10:58,826 - INFO - Current learning rate: 0.000050
2024-07-21 17:10:58,827 - INFO - Epoch 18/60
2024-07-21 17:34:20,757 - INFO - Epoch 18 - Train Loss: 0.5974, Train mIoU: 0.5844, Train Pixel Acc: 0.8491, Train Dice: 0.6339
2024-07-21 17:40:54,485 - INFO - Epoch 18 - Val Loss: 0.6062, Val mIoU: 0.5665, Val Pixel Acc: 0.8429, Val Dice: 0.6191
2024-07-21 17:40:54,487 - INFO - Current learning rate: 0.000050
2024-07-21 17:40:54,487 - INFO - Epoch 19/60
2024-07-21 18:04:26,094 - INFO - Epoch 19 - Train Loss: 0.5899, Train mIoU: 0.5876, Train Pixel Acc: 0.8497, Train Dice: 0.6393
2024-07-21 18:10:57,029 - INFO - Epoch 19 - Val Loss: 0.5989, Val mIoU: 0.5800, Val Pixel Acc: 0.8452, Val Dice: 0.6304
2024-07-21 18:10:57,334 - INFO - Epoch 19 - Best model saved with Val mIoU: 0.5800
2024-07-21 18:10:57,336 - INFO - Current learning rate: 0.000050
2024-07-21 18:10:57,337 - INFO - Epoch 20/60
2024-07-21 18:34:36,641 - INFO - Epoch 20 - Train Loss: 0.5909, Train mIoU: 0.5864, Train Pixel Acc: 0.8481, Train Dice: 0.6395
2024-07-21 18:41:09,795 - INFO - Epoch 20 - Val Loss: 0.5970, Val mIoU: 0.5707, Val Pixel Acc: 0.8454, Val Dice: 0.6213
2024-07-21 18:41:09,796 - INFO - Current learning rate: 0.000050
2024-07-21 18:41:09,797 - INFO - Epoch 21/60
2024-07-21 19:04:55,457 - INFO - Epoch 21 - Train Loss: 0.5782, Train mIoU: 0.5865, Train Pixel Acc: 0.8512, Train Dice: 0.6398
2024-07-21 19:11:25,736 - INFO - Epoch 21 - Val Loss: 0.5857, Val mIoU: 0.5820, Val Pixel Acc: 0.8467, Val Dice: 0.6355
2024-07-21 19:11:26,097 - INFO - Epoch 21 - Best model saved with Val mIoU: 0.5820
2024-07-21 19:11:26,098 - INFO - Current learning rate: 0.000050
2024-07-21 19:11:26,099 - INFO - Epoch 22/60
2024-07-21 19:34:45,953 - INFO - Epoch 22 - Train Loss: 0.5706, Train mIoU: 0.5978, Train Pixel Acc: 0.8525, Train Dice: 0.6518
2024-07-21 19:41:15,563 - INFO - Epoch 22 - Val Loss: 0.5847, Val mIoU: 0.5686, Val Pixel Acc: 0.8462, Val Dice: 0.6209
2024-07-21 19:41:15,564 - INFO - Current learning rate: 0.000050
2024-07-21 19:41:15,565 - INFO - Epoch 23/60
2024-07-21 20:04:42,274 - INFO - Epoch 23 - Train Loss: 0.5663, Train mIoU: 0.6071, Train Pixel Acc: 0.8528, Train Dice: 0.6603
2024-07-21 20:11:08,971 - INFO - Epoch 23 - Val Loss: 0.5800, Val mIoU: 0.5684, Val Pixel Acc: 0.8459, Val Dice: 0.6219
2024-07-21 20:11:08,972 - INFO - Current learning rate: 0.000050
2024-07-21 20:11:08,973 - INFO - Epoch 24/60
2024-07-21 20:34:24,279 - INFO - Epoch 24 - Train Loss: 0.5639, Train mIoU: 0.5995, Train Pixel Acc: 0.8530, Train Dice: 0.6523
2024-07-21 20:40:58,165 - INFO - Epoch 24 - Val Loss: 0.5851, Val mIoU: 0.5832, Val Pixel Acc: 0.8460, Val Dice: 0.6368
2024-07-21 20:40:58,525 - INFO - Epoch 24 - Best model saved with Val mIoU: 0.5832
2024-07-21 20:40:58,527 - INFO - Current learning rate: 0.000050
2024-07-21 20:40:58,528 - INFO - Epoch 25/60
2024-07-21 21:04:25,586 - INFO - Epoch 25 - Train Loss: 0.5577, Train mIoU: 0.6013, Train Pixel Acc: 0.8539, Train Dice: 0.6552
2024-07-21 21:10:53,623 - INFO - Epoch 25 - Val Loss: 0.5728, Val mIoU: 0.5889, Val Pixel Acc: 0.8475, Val Dice: 0.6418
2024-07-21 21:10:53,981 - INFO - Epoch 25 - Best model saved with Val mIoU: 0.5889
2024-07-21 21:10:53,982 - INFO - Current learning rate: 0.000050
2024-07-21 21:10:53,983 - INFO - Epoch 26/60
2024-07-21 21:34:10,878 - INFO - Epoch 26 - Train Loss: 0.5499, Train mIoU: 0.6084, Train Pixel Acc: 0.8560, Train Dice: 0.6630
2024-07-21 21:40:32,327 - INFO - Epoch 26 - Val Loss: 0.5851, Val mIoU: 0.5529, Val Pixel Acc: 0.8446, Val Dice: 0.6046
2024-07-21 21:40:32,328 - INFO - Current learning rate: 0.000050
2024-07-21 21:40:32,329 - INFO - Epoch 27/60
2024-07-21 22:03:22,385 - INFO - Epoch 27 - Train Loss: 0.5496, Train mIoU: 0.6053, Train Pixel Acc: 0.8556, Train Dice: 0.6595
2024-07-21 22:09:40,281 - INFO - Epoch 27 - Val Loss: 0.5692, Val mIoU: 0.5660, Val Pixel Acc: 0.8469, Val Dice: 0.6208
2024-07-21 22:09:40,282 - INFO - Current learning rate: 0.000050
2024-07-21 22:09:40,283 - INFO - Epoch 28/60
2024-07-21 22:32:24,315 - INFO - Epoch 28 - Train Loss: 0.5430, Train mIoU: 0.6006, Train Pixel Acc: 0.8565, Train Dice: 0.6559
2024-07-21 22:38:48,637 - INFO - Epoch 28 - Val Loss: 0.5650, Val mIoU: 0.5705, Val Pixel Acc: 0.8508, Val Dice: 0.6244
2024-07-21 22:38:48,638 - INFO - Current learning rate: 0.000050
2024-07-21 22:38:48,639 - INFO - Epoch 29/60
2024-07-21 23:01:47,396 - INFO - Epoch 29 - Train Loss: 0.5373, Train mIoU: 0.6071, Train Pixel Acc: 0.8577, Train Dice: 0.6631
2024-07-21 23:08:03,697 - INFO - Epoch 29 - Val Loss: 0.5663, Val mIoU: 0.5601, Val Pixel Acc: 0.8481, Val Dice: 0.6164
2024-07-21 23:08:03,698 - INFO - Current learning rate: 0.000050
2024-07-21 23:08:03,699 - INFO - Epoch 30/60
2024-07-21 23:30:48,597 - INFO - Epoch 30 - Train Loss: 0.5355, Train mIoU: 0.5981, Train Pixel Acc: 0.8577, Train Dice: 0.6548
2024-07-21 23:37:08,831 - INFO - Epoch 30 - Val Loss: 0.5598, Val mIoU: 0.5899, Val Pixel Acc: 0.8459, Val Dice: 0.6461
2024-07-21 23:37:09,178 - INFO - Epoch 30 - Best model saved with Val mIoU: 0.5899
2024-07-21 23:37:09,179 - INFO - Current learning rate: 0.000050
2024-07-21 23:37:09,180 - INFO - Epoch 31/60
2024-07-22 00:00:00,911 - INFO - Epoch 31 - Train Loss: 0.5311, Train mIoU: 0.5973, Train Pixel Acc: 0.8588, Train Dice: 0.6554
2024-07-22 00:06:21,485 - INFO - Epoch 31 - Val Loss: 0.5566, Val mIoU: 0.5819, Val Pixel Acc: 0.8483, Val Dice: 0.6402
2024-07-22 00:06:21,486 - INFO - Current learning rate: 0.000050
2024-07-22 00:06:21,487 - INFO - Epoch 32/60
2024-07-22 01:06:43,525 - INFO - Using device: cuda
2024-07-22 01:06:48,003 - INFO - Epoch 1/60
2024-07-22 01:29:23,781 - INFO - Epoch 1 - Train Loss: 2.0989, Train mIoU: 0.1852, Train Pixel Acc: 0.5728, Train Dice: 0.2239
2024-07-22 01:35:35,726 - INFO - Epoch 1 - Val Loss: 1.6151, Val mIoU: 0.2721, Val Pixel Acc: 0.7508, Val Dice: 0.3127
2024-07-22 01:35:36,116 - INFO - Epoch 1 - Best model saved with Val mIoU: 0.2721
2024-07-22 01:35:36,116 - INFO - Current learning rate: 0.000050
2024-07-22 01:35:36,116 - INFO - Epoch 2/60
2024-07-22 01:58:09,503 - INFO - Epoch 2 - Train Loss: 1.4194, Train mIoU: 0.2966, Train Pixel Acc: 0.7858, Train Dice: 0.3343
2024-07-22 02:22:05,754 - INFO - Using device: cuda
2024-07-22 02:22:14,855 - INFO - Epoch 1/60
2024-07-22 02:23:12,545 - INFO - Using device: cuda
2024-07-22 02:23:21,598 - INFO - Epoch 1/60
2024-07-22 02:46:43,272 - INFO - Epoch 1 - Train Loss: 1.9206, Train mIoU: 0.1561, Train Pixel Acc: 0.6354, Train Dice: 0.1955
2024-07-22 02:53:17,253 - INFO - Epoch 1 - Val Loss: 1.5461, Val mIoU: 0.1981, Val Pixel Acc: 0.7495, Val Dice: 0.2392
2024-07-22 02:53:17,643 - INFO - Epoch 1 - Best model saved with Val mIoU: 0.1981
2024-07-22 02:53:17,643 - INFO - Current learning rate: 0.000050
2024-07-22 02:53:17,643 - INFO - Epoch 2/60
2024-07-22 03:16:37,268 - INFO - Epoch 2 - Train Loss: 1.3286, Train mIoU: 0.3024, Train Pixel Acc: 0.7843, Train Dice: 0.3402
2024-07-22 03:23:04,322 - INFO - Epoch 2 - Val Loss: 1.2174, Val mIoU: 0.4716, Val Pixel Acc: 0.7965, Val Dice: 0.5086
2024-07-22 03:23:04,871 - INFO - Epoch 2 - Best model saved with Val mIoU: 0.4716
2024-07-22 03:23:04,871 - INFO - Current learning rate: 0.000050
2024-07-22 03:23:04,871 - INFO - Epoch 3/60
2024-07-22 03:46:04,283 - INFO - Epoch 3 - Train Loss: 1.1236, Train mIoU: 0.4842, Train Pixel Acc: 0.8077, Train Dice: 0.5203
2024-07-22 03:52:24,865 - INFO - Epoch 3 - Val Loss: 1.0664, Val mIoU: 0.5321, Val Pixel Acc: 0.8103, Val Dice: 0.5678
2024-07-22 03:52:25,424 - INFO - Epoch 3 - Best model saved with Val mIoU: 0.5321
2024-07-22 03:52:25,425 - INFO - Current learning rate: 0.000050
2024-07-22 03:52:25,425 - INFO - Epoch 4/60
2024-07-22 04:15:34,973 - INFO - Epoch 4 - Train Loss: 1.0033, Train mIoU: 0.5401, Train Pixel Acc: 0.8165, Train Dice: 0.5754
2024-07-22 04:21:57,466 - INFO - Epoch 4 - Val Loss: 0.9347, Val mIoU: 0.5413, Val Pixel Acc: 0.8197, Val Dice: 0.5760
2024-07-22 04:21:57,784 - INFO - Epoch 4 - Best model saved with Val mIoU: 0.5413
2024-07-22 04:21:57,784 - INFO - Current learning rate: 0.000050
2024-07-22 04:21:57,784 - INFO - Epoch 5/60
2024-07-22 04:44:45,854 - INFO - Epoch 5 - Train Loss: 0.9147, Train mIoU: 0.5522, Train Pixel Acc: 0.8237, Train Dice: 0.5869
2024-07-22 04:51:05,905 - INFO - Epoch 5 - Val Loss: 0.8827, Val mIoU: 0.5325, Val Pixel Acc: 0.8126, Val Dice: 0.5697
2024-07-22 04:51:05,906 - INFO - Current learning rate: 0.000050
2024-07-22 04:51:05,906 - INFO - Epoch 6/60
2024-07-22 05:14:06,475 - INFO - Epoch 6 - Train Loss: 0.8488, Train mIoU: 0.5512, Train Pixel Acc: 0.8282, Train Dice: 0.5860
2024-07-22 05:20:31,104 - INFO - Epoch 6 - Val Loss: 0.8058, Val mIoU: 0.5447, Val Pixel Acc: 0.8327, Val Dice: 0.5786
2024-07-22 05:20:31,496 - INFO - Epoch 6 - Best model saved with Val mIoU: 0.5447
2024-07-22 05:20:31,497 - INFO - Current learning rate: 0.000050
2024-07-22 05:20:31,497 - INFO - Epoch 7/60
2024-07-22 05:43:27,030 - INFO - Epoch 7 - Train Loss: 0.7976, Train mIoU: 0.5552, Train Pixel Acc: 0.8322, Train Dice: 0.5906
2024-07-22 05:49:50,923 - INFO - Epoch 7 - Val Loss: 0.7756, Val mIoU: 0.5488, Val Pixel Acc: 0.8298, Val Dice: 0.5873
2024-07-22 05:49:51,272 - INFO - Epoch 7 - Best model saved with Val mIoU: 0.5488
2024-07-22 05:49:51,272 - INFO - Current learning rate: 0.000050
2024-07-22 05:49:51,272 - INFO - Epoch 8/60
2024-07-22 06:12:54,631 - INFO - Epoch 8 - Train Loss: 0.7596, Train mIoU: 0.5584, Train Pixel Acc: 0.8337, Train Dice: 0.5952
2024-07-22 06:19:17,420 - INFO - Epoch 8 - Val Loss: 0.7408, Val mIoU: 0.5449, Val Pixel Acc: 0.8266, Val Dice: 0.5818
2024-07-22 06:19:17,420 - INFO - Current learning rate: 0.000050
2024-07-22 06:19:17,421 - INFO - Epoch 9/60
2024-07-22 06:42:00,134 - INFO - Epoch 9 - Train Loss: 0.7291, Train mIoU: 0.5591, Train Pixel Acc: 0.8360, Train Dice: 0.5975
2024-07-22 06:48:14,660 - INFO - Epoch 9 - Val Loss: 0.7152, Val mIoU: 0.5491, Val Pixel Acc: 0.8344, Val Dice: 0.5940
2024-07-22 06:48:15,107 - INFO - Epoch 9 - Best model saved with Val mIoU: 0.5491
2024-07-22 06:48:15,108 - INFO - Current learning rate: 0.000050
2024-07-22 06:48:15,108 - INFO - Epoch 10/60
2024-07-22 07:10:51,667 - INFO - Epoch 10 - Train Loss: 0.7029, Train mIoU: 0.5562, Train Pixel Acc: 0.8381, Train Dice: 0.5996
2024-07-22 07:17:08,699 - INFO - Epoch 10 - Val Loss: 0.6920, Val mIoU: 0.5532, Val Pixel Acc: 0.8380, Val Dice: 0.5956
2024-07-22 07:17:09,242 - INFO - Epoch 10 - Best model saved with Val mIoU: 0.5532
2024-07-22 07:17:09,242 - INFO - Current learning rate: 0.000050
2024-07-22 07:17:09,242 - INFO - Epoch 11/60
2024-07-22 07:39:58,255 - INFO - Epoch 11 - Train Loss: 0.6795, Train mIoU: 0.5625, Train Pixel Acc: 0.8400, Train Dice: 0.6078
2024-07-22 07:46:15,887 - INFO - Epoch 11 - Val Loss: 0.6779, Val mIoU: 0.5478, Val Pixel Acc: 0.8372, Val Dice: 0.5936
2024-07-22 07:46:15,888 - INFO - Current learning rate: 0.000050
2024-07-22 07:46:15,888 - INFO - Epoch 12/60
2024-07-22 08:09:06,416 - INFO - Epoch 12 - Train Loss: 0.6628, Train mIoU: 0.5658, Train Pixel Acc: 0.8409, Train Dice: 0.6119
2024-07-22 08:15:28,761 - INFO - Epoch 12 - Val Loss: 0.6627, Val mIoU: 0.5665, Val Pixel Acc: 0.8324, Val Dice: 0.6164
2024-07-22 08:15:29,081 - INFO - Epoch 12 - Best model saved with Val mIoU: 0.5665
2024-07-22 08:15:29,081 - INFO - Current learning rate: 0.000050
2024-07-22 08:15:29,081 - INFO - Epoch 13/60
2024-07-22 08:38:20,492 - INFO - Epoch 13 - Train Loss: 0.6440, Train mIoU: 0.5713, Train Pixel Acc: 0.8438, Train Dice: 0.6180
2024-07-22 08:44:42,296 - INFO - Epoch 13 - Val Loss: 0.6384, Val mIoU: 0.5661, Val Pixel Acc: 0.8390, Val Dice: 0.6143
2024-07-22 08:44:42,297 - INFO - Current learning rate: 0.000050
2024-07-22 08:44:42,297 - INFO - Epoch 14/60
2024-07-22 09:07:40,289 - INFO - Epoch 14 - Train Loss: 0.6352, Train mIoU: 0.5712, Train Pixel Acc: 0.8435, Train Dice: 0.6182
2024-07-22 09:14:02,260 - INFO - Epoch 14 - Val Loss: 0.6310, Val mIoU: 0.5672, Val Pixel Acc: 0.8419, Val Dice: 0.6130
2024-07-22 09:14:02,591 - INFO - Epoch 14 - Best model saved with Val mIoU: 0.5672
2024-07-22 09:14:02,591 - INFO - Current learning rate: 0.000050
2024-07-22 09:14:02,591 - INFO - Epoch 15/60
2024-07-22 09:37:02,747 - INFO - Epoch 15 - Train Loss: 0.6177, Train mIoU: 0.5766, Train Pixel Acc: 0.8464, Train Dice: 0.6260
2024-07-22 09:43:26,176 - INFO - Epoch 15 - Val Loss: 0.6289, Val mIoU: 0.5668, Val Pixel Acc: 0.8402, Val Dice: 0.6112
2024-07-22 09:43:26,177 - INFO - Current learning rate: 0.000050
2024-07-22 09:43:26,177 - INFO - Epoch 16/60
2024-07-22 10:06:45,094 - INFO - Epoch 16 - Train Loss: 0.6074, Train mIoU: 0.5866, Train Pixel Acc: 0.8478, Train Dice: 0.6377
2024-07-22 10:13:01,967 - INFO - Epoch 16 - Val Loss: 0.6095, Val mIoU: 0.5758, Val Pixel Acc: 0.8451, Val Dice: 0.6266
2024-07-22 10:13:02,291 - INFO - Epoch 16 - Best model saved with Val mIoU: 0.5758
2024-07-22 10:13:02,292 - INFO - Current learning rate: 0.000050
2024-07-22 10:13:02,292 - INFO - Epoch 17/60
2024-07-22 10:35:38,855 - INFO - Epoch 17 - Train Loss: 0.6009, Train mIoU: 0.5906, Train Pixel Acc: 0.8479, Train Dice: 0.6420
2024-07-22 10:41:51,320 - INFO - Epoch 17 - Val Loss: 0.6145, Val mIoU: 0.5582, Val Pixel Acc: 0.8414, Val Dice: 0.6087
2024-07-22 10:41:51,320 - INFO - Current learning rate: 0.000050
2024-07-22 10:41:51,320 - INFO - Epoch 18/60
2024-07-22 11:04:10,672 - INFO - Epoch 18 - Train Loss: 0.5954, Train mIoU: 0.5886, Train Pixel Acc: 0.8478, Train Dice: 0.6404
2024-07-22 11:10:23,073 - INFO - Epoch 18 - Val Loss: 0.5982, Val mIoU: 0.5673, Val Pixel Acc: 0.8440, Val Dice: 0.6182
2024-07-22 11:10:23,073 - INFO - Current learning rate: 0.000050
2024-07-22 11:10:23,074 - INFO - Epoch 19/60
2024-07-22 11:33:18,871 - INFO - Epoch 19 - Train Loss: 0.5891, Train mIoU: 0.5894, Train Pixel Acc: 0.8491, Train Dice: 0.6412
2024-07-22 11:39:45,964 - INFO - Epoch 19 - Val Loss: 0.5995, Val mIoU: 0.5660, Val Pixel Acc: 0.8452, Val Dice: 0.6156
2024-07-22 11:39:45,964 - INFO - Current learning rate: 0.000050
2024-07-22 11:39:45,964 - INFO - Epoch 20/60
2024-07-22 12:03:43,908 - INFO - Epoch 20 - Train Loss: 0.5801, Train mIoU: 0.5934, Train Pixel Acc: 0.8506, Train Dice: 0.6464
2024-07-22 12:10:07,889 - INFO - Epoch 20 - Val Loss: 0.5903, Val mIoU: 0.5568, Val Pixel Acc: 0.8473, Val Dice: 0.6084
2024-07-22 12:10:07,890 - INFO - Current learning rate: 0.000050
2024-07-22 12:10:07,890 - INFO - Epoch 21/60
2024-07-22 12:32:55,725 - INFO - Epoch 21 - Train Loss: 0.5766, Train mIoU: 0.5976, Train Pixel Acc: 0.8509, Train Dice: 0.6501
2024-07-22 12:39:15,855 - INFO - Epoch 21 - Val Loss: 0.5981, Val mIoU: 0.5643, Val Pixel Acc: 0.8445, Val Dice: 0.6111
2024-07-22 12:39:15,855 - INFO - Current learning rate: 0.000050
2024-07-22 12:39:15,855 - INFO - Epoch 22/60
2024-07-22 13:02:04,091 - INFO - Epoch 22 - Train Loss: 0.5677, Train mIoU: 0.6017, Train Pixel Acc: 0.8519, Train Dice: 0.6552
2024-07-22 13:08:22,240 - INFO - Epoch 22 - Val Loss: 0.5862, Val mIoU: 0.5712, Val Pixel Acc: 0.8423, Val Dice: 0.6261
2024-07-22 13:08:22,241 - INFO - Current learning rate: 0.000050
2024-07-22 13:08:22,241 - INFO - Epoch 23/60
2024-07-22 13:30:46,442 - INFO - Epoch 23 - Train Loss: 0.5646, Train mIoU: 0.6037, Train Pixel Acc: 0.8518, Train Dice: 0.6571
2024-07-22 13:36:57,223 - INFO - Epoch 23 - Val Loss: 0.5794, Val mIoU: 0.5717, Val Pixel Acc: 0.8461, Val Dice: 0.6274
2024-07-22 13:36:57,224 - INFO - Current learning rate: 0.000050
2024-07-22 13:36:57,224 - INFO - Epoch 24/60
2024-07-22 13:59:19,235 - INFO - Epoch 24 - Train Loss: 0.5565, Train mIoU: 0.6055, Train Pixel Acc: 0.8535, Train Dice: 0.6591
2024-07-22 14:05:42,109 - INFO - Epoch 24 - Val Loss: 0.5709, Val mIoU: 0.5791, Val Pixel Acc: 0.8489, Val Dice: 0.6317
2024-07-22 14:05:42,509 - INFO - Epoch 24 - Best model saved with Val mIoU: 0.5791
2024-07-22 14:05:42,509 - INFO - Current learning rate: 0.000050
2024-07-22 14:05:42,509 - INFO - Epoch 25/60
2024-07-22 14:28:50,859 - INFO - Epoch 25 - Train Loss: 0.5529, Train mIoU: 0.5966, Train Pixel Acc: 0.8542, Train Dice: 0.6508
2024-07-22 14:35:17,076 - INFO - Epoch 25 - Val Loss: 0.5744, Val mIoU: 0.5701, Val Pixel Acc: 0.8475, Val Dice: 0.6246
2024-07-22 14:35:17,077 - INFO - Current learning rate: 0.000050
2024-07-22 14:35:17,077 - INFO - Epoch 26/60
2024-07-22 14:58:48,230 - INFO - Epoch 26 - Train Loss: 0.5496, Train mIoU: 0.6061, Train Pixel Acc: 0.8548, Train Dice: 0.6611
2024-07-22 15:05:26,814 - INFO - Epoch 26 - Val Loss: 0.5701, Val mIoU: 0.5805, Val Pixel Acc: 0.8499, Val Dice: 0.6342
2024-07-22 15:05:27,162 - INFO - Epoch 26 - Best model saved with Val mIoU: 0.5805
2024-07-22 15:05:27,162 - INFO - Current learning rate: 0.000050
2024-07-22 15:05:27,162 - INFO - Epoch 27/60
2024-07-22 15:29:26,527 - INFO - Epoch 27 - Train Loss: 0.5436, Train mIoU: 0.6103, Train Pixel Acc: 0.8557, Train Dice: 0.6663
2024-07-22 15:35:44,125 - INFO - Epoch 27 - Val Loss: 0.5608, Val mIoU: 0.5836, Val Pixel Acc: 0.8508, Val Dice: 0.6376
2024-07-22 15:35:44,464 - INFO - Epoch 27 - Best model saved with Val mIoU: 0.5836
2024-07-22 15:35:44,464 - INFO - Current learning rate: 0.000050
2024-07-22 15:35:44,464 - INFO - Epoch 28/60
2024-07-22 15:58:24,231 - INFO - Epoch 28 - Train Loss: 0.5376, Train mIoU: 0.6150, Train Pixel Acc: 0.8567, Train Dice: 0.6708
2024-07-22 16:04:47,408 - INFO - Epoch 28 - Val Loss: 0.5688, Val mIoU: 0.5875, Val Pixel Acc: 0.8463, Val Dice: 0.6423
2024-07-22 16:04:47,757 - INFO - Epoch 28 - Best model saved with Val mIoU: 0.5875
2024-07-22 16:04:47,758 - INFO - Current learning rate: 0.000050
2024-07-22 16:04:47,758 - INFO - Epoch 29/60
2024-07-22 16:28:06,725 - INFO - Epoch 29 - Train Loss: 0.5357, Train mIoU: 0.6118, Train Pixel Acc: 0.8567, Train Dice: 0.6688
2024-07-22 16:34:34,659 - INFO - Epoch 29 - Val Loss: 0.5709, Val mIoU: 0.5858, Val Pixel Acc: 0.8422, Val Dice: 0.6393
2024-07-22 16:34:34,659 - INFO - Current learning rate: 0.000050
2024-07-22 16:34:34,659 - INFO - Epoch 30/60
2024-07-22 16:58:19,298 - INFO - Epoch 30 - Train Loss: 0.5291, Train mIoU: 0.6188, Train Pixel Acc: 0.8586, Train Dice: 0.6759
2024-07-22 17:04:50,920 - INFO - Epoch 30 - Val Loss: 0.5515, Val mIoU: 0.6005, Val Pixel Acc: 0.8524, Val Dice: 0.6586
2024-07-22 17:04:51,345 - INFO - Epoch 30 - Best model saved with Val mIoU: 0.6005
2024-07-22 17:04:51,345 - INFO - Current learning rate: 0.000050
2024-07-22 17:04:51,345 - INFO - Epoch 31/60
2024-07-22 17:27:26,070 - INFO - Epoch 31 - Train Loss: 0.5272, Train mIoU: 0.6234, Train Pixel Acc: 0.8588, Train Dice: 0.6809
2024-07-22 17:33:43,055 - INFO - Epoch 31 - Val Loss: 0.5610, Val mIoU: 0.5771, Val Pixel Acc: 0.8469, Val Dice: 0.6361
2024-07-22 17:33:43,056 - INFO - Current learning rate: 0.000050
2024-07-22 17:33:43,056 - INFO - Epoch 32/60
2024-07-22 17:56:32,853 - INFO - Epoch 32 - Train Loss: 0.5253, Train mIoU: 0.6262, Train Pixel Acc: 0.8588, Train Dice: 0.6844
2024-07-22 18:03:21,441 - INFO - Epoch 32 - Val Loss: 0.5500, Val mIoU: 0.5807, Val Pixel Acc: 0.8511, Val Dice: 0.6420
2024-07-22 18:03:21,442 - INFO - Current learning rate: 0.000050
2024-07-22 18:03:21,442 - INFO - Epoch 33/60
2024-07-22 18:26:35,720 - INFO - Epoch 33 - Train Loss: 0.5190, Train mIoU: 0.6232, Train Pixel Acc: 0.8603, Train Dice: 0.6830
2024-07-22 18:32:53,911 - INFO - Epoch 33 - Val Loss: 0.5505, Val mIoU: 0.5891, Val Pixel Acc: 0.8520, Val Dice: 0.6481
2024-07-22 18:32:53,911 - INFO - Current learning rate: 0.000050
2024-07-22 18:32:53,911 - INFO - Epoch 34/60
2024-07-22 18:56:42,062 - INFO - Epoch 34 - Train Loss: 0.5128, Train mIoU: 0.6208, Train Pixel Acc: 0.8615, Train Dice: 0.6819
2024-07-22 19:03:29,166 - INFO - Epoch 34 - Val Loss: 0.5473, Val mIoU: 0.5935, Val Pixel Acc: 0.8512, Val Dice: 0.6543
2024-07-22 19:03:29,173 - INFO - Current learning rate: 0.000050
2024-07-22 19:03:29,173 - INFO - Epoch 35/60
2024-07-22 19:27:51,928 - INFO - Epoch 35 - Train Loss: 0.5144, Train mIoU: 0.6252, Train Pixel Acc: 0.8609, Train Dice: 0.6861
2024-07-22 19:34:48,895 - INFO - Epoch 35 - Val Loss: 0.5454, Val mIoU: 0.6002, Val Pixel Acc: 0.8495, Val Dice: 0.6611
2024-07-22 19:34:48,896 - INFO - Current learning rate: 0.000050
2024-07-22 19:34:48,896 - INFO - Epoch 36/60
2024-07-22 19:58:26,058 - INFO - Epoch 36 - Train Loss: 0.5094, Train mIoU: 0.6179, Train Pixel Acc: 0.8611, Train Dice: 0.6803
2024-07-22 20:04:54,797 - INFO - Epoch 36 - Val Loss: 0.5590, Val mIoU: 0.5767, Val Pixel Acc: 0.8479, Val Dice: 0.6334
2024-07-22 20:04:54,798 - INFO - Current learning rate: 0.000050
2024-07-22 20:04:54,798 - INFO - Epoch 37/60
2024-07-22 20:28:24,603 - INFO - Epoch 37 - Train Loss: 0.5043, Train mIoU: 0.6323, Train Pixel Acc: 0.8622, Train Dice: 0.6953
2024-07-22 20:35:06,821 - INFO - Epoch 37 - Val Loss: 0.5440, Val mIoU: 0.5938, Val Pixel Acc: 0.8476, Val Dice: 0.6571
2024-07-22 20:35:06,821 - INFO - Current learning rate: 0.000050
2024-07-22 20:35:06,821 - INFO - Epoch 38/60
2024-07-22 20:58:22,169 - INFO - Epoch 38 - Train Loss: 0.5049, Train mIoU: 0.6301, Train Pixel Acc: 0.8617, Train Dice: 0.6931
2024-07-22 21:06:00,303 - INFO - Epoch 38 - Val Loss: 0.5422, Val mIoU: 0.5980, Val Pixel Acc: 0.8496, Val Dice: 0.6622
2024-07-22 21:06:00,304 - INFO - Current learning rate: 0.000050
2024-07-22 21:06:00,304 - INFO - Epoch 39/60
2024-07-22 21:33:11,770 - INFO - Epoch 39 - Train Loss: 0.4956, Train mIoU: 0.6291, Train Pixel Acc: 0.8652, Train Dice: 0.6923
2024-07-22 21:39:38,031 - INFO - Epoch 39 - Val Loss: 0.5496, Val mIoU: 0.5765, Val Pixel Acc: 0.8507, Val Dice: 0.6378
2024-07-22 21:39:38,032 - INFO - Current learning rate: 0.000050
2024-07-22 21:39:38,032 - INFO - Epoch 40/60
2024-07-22 22:03:04,253 - INFO - Epoch 40 - Train Loss: 0.4945, Train mIoU: 0.6380, Train Pixel Acc: 0.8647, Train Dice: 0.7014
2024-07-22 22:09:31,175 - INFO - Epoch 40 - Val Loss: 0.5446, Val mIoU: 0.5918, Val Pixel Acc: 0.8498, Val Dice: 0.6550
2024-07-22 22:09:31,176 - INFO - Current learning rate: 0.000050
2024-07-22 22:09:31,176 - INFO - Epoch 41/60
2024-07-22 22:32:53,137 - INFO - Epoch 41 - Train Loss: 0.4970, Train mIoU: 0.6291, Train Pixel Acc: 0.8643, Train Dice: 0.6932
2024-07-22 22:39:18,311 - INFO - Epoch 41 - Val Loss: 0.5365, Val mIoU: 0.5975, Val Pixel Acc: 0.8506, Val Dice: 0.6620
2024-07-22 22:39:18,312 - INFO - Current learning rate: 0.000050
2024-07-22 22:39:18,312 - INFO - Epoch 42/60
2024-07-22 23:02:42,534 - INFO - Epoch 42 - Train Loss: 0.4890, Train mIoU: 0.6294, Train Pixel Acc: 0.8662, Train Dice: 0.6927
2024-07-22 23:09:09,523 - INFO - Epoch 42 - Val Loss: 0.5370, Val mIoU: 0.5816, Val Pixel Acc: 0.8508, Val Dice: 0.6470
2024-07-22 23:09:09,523 - INFO - Current learning rate: 0.000050
2024-07-22 23:09:09,523 - INFO - Epoch 43/60
2024-07-22 23:32:10,198 - INFO - Epoch 43 - Train Loss: 0.4834, Train mIoU: 0.6480, Train Pixel Acc: 0.8679, Train Dice: 0.7121
2024-07-22 23:38:38,326 - INFO - Epoch 43 - Val Loss: 0.5372, Val mIoU: 0.6047, Val Pixel Acc: 0.8512, Val Dice: 0.6702
2024-07-22 23:38:38,722 - INFO - Epoch 43 - Best model saved with Val mIoU: 0.6047
2024-07-22 23:38:38,722 - INFO - Current learning rate: 0.000050
2024-07-22 23:38:38,722 - INFO - Epoch 44/60
2024-07-23 00:01:39,639 - INFO - Epoch 44 - Train Loss: 0.4815, Train mIoU: 0.6468, Train Pixel Acc: 0.8681, Train Dice: 0.7108
2024-07-23 00:08:01,177 - INFO - Epoch 44 - Val Loss: 0.5381, Val mIoU: 0.5944, Val Pixel Acc: 0.8499, Val Dice: 0.6599
2024-07-23 00:08:01,177 - INFO - Current learning rate: 0.000050
2024-07-23 00:08:01,177 - INFO - Epoch 45/60
2024-07-23 00:31:15,768 - INFO - Epoch 45 - Train Loss: 0.4764, Train mIoU: 0.6475, Train Pixel Acc: 0.8691, Train Dice: 0.7122
2024-07-23 00:37:39,310 - INFO - Epoch 45 - Val Loss: 0.5363, Val mIoU: 0.5810, Val Pixel Acc: 0.8506, Val Dice: 0.6450
2024-07-23 00:37:39,311 - INFO - Current learning rate: 0.000050
2024-07-23 00:37:39,311 - INFO - Epoch 46/60
2024-07-23 01:00:44,840 - INFO - Epoch 46 - Train Loss: 0.4756, Train mIoU: 0.6415, Train Pixel Acc: 0.8698, Train Dice: 0.7063
2024-07-23 01:07:10,100 - INFO - Epoch 46 - Val Loss: 0.5272, Val mIoU: 0.6169, Val Pixel Acc: 0.8525, Val Dice: 0.6843
2024-07-23 01:07:10,440 - INFO - Epoch 46 - Best model saved with Val mIoU: 0.6169
2024-07-23 01:07:10,440 - INFO - Current learning rate: 0.000050
2024-07-23 01:07:10,440 - INFO - Epoch 47/60
2024-07-23 01:30:12,642 - INFO - Epoch 47 - Train Loss: 0.4732, Train mIoU: 0.6426, Train Pixel Acc: 0.8700, Train Dice: 0.7080
2024-07-23 01:36:35,315 - INFO - Epoch 47 - Val Loss: 0.5321, Val mIoU: 0.6059, Val Pixel Acc: 0.8510, Val Dice: 0.6717
2024-07-23 01:36:35,316 - INFO - Current learning rate: 0.000050
2024-07-23 01:36:35,316 - INFO - Epoch 48/60
2024-07-23 01:59:44,938 - INFO - Epoch 48 - Train Loss: 0.4704, Train mIoU: 0.6529, Train Pixel Acc: 0.8710, Train Dice: 0.7181
2024-07-23 02:06:07,002 - INFO - Epoch 48 - Val Loss: 0.5523, Val mIoU: 0.6070, Val Pixel Acc: 0.8540, Val Dice: 0.6684
2024-07-23 02:06:07,002 - INFO - Current learning rate: 0.000050
2024-07-23 02:06:07,002 - INFO - Epoch 49/60
2024-07-23 02:29:10,772 - INFO - Epoch 49 - Train Loss: 0.4663, Train mIoU: 0.6533, Train Pixel Acc: 0.8712, Train Dice: 0.7183
2024-07-23 02:35:32,176 - INFO - Epoch 49 - Val Loss: 0.5380, Val mIoU: 0.6142, Val Pixel Acc: 0.8533, Val Dice: 0.6799
2024-07-23 02:35:32,177 - INFO - Current learning rate: 0.000050
2024-07-23 02:35:32,177 - INFO - Epoch 50/60
2024-07-23 02:58:33,072 - INFO - Epoch 50 - Train Loss: 0.4622, Train mIoU: 0.6537, Train Pixel Acc: 0.8723, Train Dice: 0.7194
2024-07-23 03:04:56,834 - INFO - Epoch 50 - Val Loss: 0.5322, Val mIoU: 0.5958, Val Pixel Acc: 0.8500, Val Dice: 0.6631
2024-07-23 03:04:56,834 - INFO - Current learning rate: 0.000050
2024-07-23 03:04:56,834 - INFO - Epoch 51/60
2024-07-23 03:28:12,843 - INFO - Epoch 51 - Train Loss: 0.4591, Train mIoU: 0.6636, Train Pixel Acc: 0.8730, Train Dice: 0.7292
2024-07-23 03:34:37,445 - INFO - Epoch 51 - Val Loss: 0.5334, Val mIoU: 0.6197, Val Pixel Acc: 0.8544, Val Dice: 0.6846
2024-07-23 03:34:37,799 - INFO - Epoch 51 - Best model saved with Val mIoU: 0.6197
2024-07-23 03:34:37,800 - INFO - Current learning rate: 0.000050
2024-07-23 03:34:37,800 - INFO - Epoch 52/60
2024-07-23 03:57:38,825 - INFO - Epoch 52 - Train Loss: 0.4549, Train mIoU: 0.6646, Train Pixel Acc: 0.8744, Train Dice: 0.7304
2024-07-23 04:04:02,714 - INFO - Epoch 52 - Val Loss: 0.5232, Val mIoU: 0.6203, Val Pixel Acc: 0.8545, Val Dice: 0.6873
2024-07-23 04:04:03,044 - INFO - Epoch 52 - Best model saved with Val mIoU: 0.6203
2024-07-23 04:04:03,044 - INFO - Current learning rate: 0.000050
2024-07-23 04:04:03,044 - INFO - Epoch 53/60
2024-07-23 04:27:01,049 - INFO - Epoch 53 - Train Loss: 0.4499, Train mIoU: 0.6653, Train Pixel Acc: 0.8752, Train Dice: 0.7317
2024-07-23 04:33:24,229 - INFO - Epoch 53 - Val Loss: 0.5268, Val mIoU: 0.6181, Val Pixel Acc: 0.8537, Val Dice: 0.6851
2024-07-23 04:33:24,229 - INFO - Current learning rate: 0.000050
2024-07-23 04:33:24,230 - INFO - Epoch 54/60
2024-07-23 04:56:18,398 - INFO - Epoch 54 - Train Loss: 0.4520, Train mIoU: 0.6663, Train Pixel Acc: 0.8748, Train Dice: 0.7327
2024-07-23 05:02:39,898 - INFO - Epoch 54 - Val Loss: 0.5323, Val mIoU: 0.6071, Val Pixel Acc: 0.8520, Val Dice: 0.6714
2024-07-23 05:02:39,898 - INFO - Current learning rate: 0.000050
2024-07-23 05:02:39,898 - INFO - Epoch 55/60
2024-07-23 05:25:47,815 - INFO - Epoch 55 - Train Loss: 0.4456, Train mIoU: 0.6756, Train Pixel Acc: 0.8769, Train Dice: 0.7415
2024-07-23 05:32:11,089 - INFO - Epoch 55 - Val Loss: 0.5290, Val mIoU: 0.6199, Val Pixel Acc: 0.8504, Val Dice: 0.6874
2024-07-23 05:32:11,089 - INFO - Current learning rate: 0.000050
2024-07-23 05:32:11,089 - INFO - Epoch 56/60
2024-07-23 05:55:09,128 - INFO - Epoch 56 - Train Loss: 0.4434, Train mIoU: 0.6733, Train Pixel Acc: 0.8767, Train Dice: 0.7398
2024-07-23 06:01:28,660 - INFO - Epoch 56 - Val Loss: 0.5357, Val mIoU: 0.5873, Val Pixel Acc: 0.8502, Val Dice: 0.6527
2024-07-23 06:01:28,661 - INFO - Current learning rate: 0.000050
2024-07-23 06:01:28,661 - INFO - Epoch 57/60
2024-07-23 06:24:30,065 - INFO - Epoch 57 - Train Loss: 0.4411, Train mIoU: 0.6781, Train Pixel Acc: 0.8787, Train Dice: 0.7443
2024-07-23 06:30:51,627 - INFO - Epoch 57 - Val Loss: 0.5313, Val mIoU: 0.6222, Val Pixel Acc: 0.8543, Val Dice: 0.6891
2024-07-23 06:30:51,960 - INFO - Epoch 57 - Best model saved with Val mIoU: 0.6222
2024-07-23 06:30:51,960 - INFO - Current learning rate: 0.000050
2024-07-23 06:30:51,960 - INFO - Epoch 58/60
2024-07-23 06:53:53,539 - INFO - Epoch 58 - Train Loss: 0.4378, Train mIoU: 0.6662, Train Pixel Acc: 0.8796, Train Dice: 0.7330
2024-07-23 07:00:14,578 - INFO - Epoch 58 - Val Loss: 0.5279, Val mIoU: 0.6056, Val Pixel Acc: 0.8520, Val Dice: 0.6774
2024-07-23 07:00:14,579 - INFO - Current learning rate: 0.000005
2024-07-23 07:00:14,579 - INFO - Epoch 59/60
2024-07-23 07:23:01,749 - INFO - Epoch 59 - Train Loss: 0.4237, Train mIoU: 0.6906, Train Pixel Acc: 0.8840, Train Dice: 0.7597
2024-07-23 07:29:21,278 - INFO - Epoch 59 - Val Loss: 0.5252, Val mIoU: 0.6229, Val Pixel Acc: 0.8572, Val Dice: 0.6938
2024-07-23 07:29:21,612 - INFO - Epoch 59 - Best model saved with Val mIoU: 0.6229
2024-07-23 07:29:21,612 - INFO - Current learning rate: 0.000005
2024-07-23 07:29:21,613 - INFO - Epoch 60/60
2024-07-23 07:52:18,386 - INFO - Epoch 60 - Train Loss: 0.4162, Train mIoU: 0.6998, Train Pixel Acc: 0.8874, Train Dice: 0.7673
2024-07-23 07:58:40,839 - INFO - Epoch 60 - Val Loss: 0.5259, Val mIoU: 0.6252, Val Pixel Acc: 0.8574, Val Dice: 0.6963
2024-07-23 07:58:41,407 - INFO - Epoch 60 - Best model saved with Val mIoU: 0.6252
2024-07-23 07:58:41,407 - INFO - Current learning rate: 0.000005
2024-07-23 07:58:41,407 - INFO - Training completed after 60 epochs.
2024-07-23 08:02:18,561 - INFO - Training completed! Best model saved at model_checkpoints/Unet/best_model_epoch_60.pth
