2024-07-21 07:28:07,041 - INFO - Using device: cuda
2024-07-21 07:28:08,079 - INFO - Epoch 1/60
2024-07-21 08:22:53,169 - INFO - Using device: cuda
2024-07-21 08:22:54,701 - INFO - Epoch 1/60
2024-07-21 08:46:18,017 - INFO - Epoch 1 - Train Loss: 0.8509, Train mIoU: 0.4904, Train Pixel Acc: 0.7581, Train Dice: 0.5331
2024-07-21 08:52:41,242 - INFO - Epoch 1 - Val Loss: 0.6480, Val mIoU: 0.5282, Val Pixel Acc: 0.8102, Val Dice: 0.5703
2024-07-21 08:52:41,891 - INFO - Epoch 1 - Best model saved with mIoU: 0.5282
2024-07-21 08:52:41,892 - INFO - Current learning rate: 0.000473
2024-07-21 08:52:41,893 - INFO - Epoch 2/60
2024-07-21 09:15:53,764 - INFO - Epoch 2 - Train Loss: 0.6500, Train mIoU: 0.5388, Train Pixel Acc: 0.7984, Train Dice: 0.5857
2024-07-21 09:22:16,753 - INFO - Epoch 2 - Val Loss: 0.6290, Val mIoU: 0.5409, Val Pixel Acc: 0.8166, Val Dice: 0.5837
2024-07-21 09:22:17,376 - INFO - Epoch 2 - Best model saved with mIoU: 0.5409
2024-07-21 09:22:17,378 - INFO - Current learning rate: 0.000690
2024-07-21 09:22:17,379 - INFO - Epoch 3/60
2024-07-21 09:45:27,329 - INFO - Epoch 3 - Train Loss: 0.6190, Train mIoU: 0.5421, Train Pixel Acc: 0.8066, Train Dice: 0.5945
2024-07-21 09:51:50,264 - INFO - Epoch 3 - Val Loss: 0.6068, Val mIoU: 0.5353, Val Pixel Acc: 0.8122, Val Dice: 0.5910
2024-07-21 09:51:50,265 - INFO - Current learning rate: 0.001044
2024-07-21 09:51:50,265 - INFO - Epoch 4/60
2024-07-21 10:14:36,603 - INFO - Epoch 4 - Train Loss: 0.6117, Train mIoU: 0.5362, Train Pixel Acc: 0.8056, Train Dice: 0.5903
2024-07-21 10:20:58,098 - INFO - Epoch 4 - Val Loss: 0.6097, Val mIoU: 0.5329, Val Pixel Acc: 0.8058, Val Dice: 0.5875
2024-07-21 10:20:58,099 - INFO - Current learning rate: 0.001524
2024-07-21 10:20:58,100 - INFO - Epoch 5/60
2024-07-21 10:43:38,929 - INFO - Epoch 5 - Train Loss: 0.6018, Train mIoU: 0.5385, Train Pixel Acc: 0.8099, Train Dice: 0.5927
2024-07-21 10:50:01,332 - INFO - Epoch 5 - Val Loss: 0.6080, Val mIoU: 0.5404, Val Pixel Acc: 0.7965, Val Dice: 0.5958
2024-07-21 10:50:01,333 - INFO - Current learning rate: 0.002116
2024-07-21 10:50:01,334 - INFO - Epoch 6/60
2024-07-21 11:12:47,690 - INFO - Epoch 6 - Train Loss: 0.5174, Train mIoU: 0.5401, Train Pixel Acc: 0.8060, Train Dice: 0.5977
2024-07-21 11:19:05,759 - INFO - Epoch 6 - Val Loss: 0.5036, Val mIoU: 0.5418, Val Pixel Acc: 0.7893, Val Dice: 0.6058
2024-07-21 11:19:06,404 - INFO - Epoch 6 - Best model saved with mIoU: 0.5418
2024-07-21 11:19:06,405 - INFO - Current learning rate: 0.002802
2024-07-21 11:19:06,407 - INFO - Epoch 7/60
2024-07-21 11:41:53,030 - INFO - Epoch 7 - Train Loss: 0.5300, Train mIoU: 0.5180, Train Pixel Acc: 0.7850, Train Dice: 0.5730
2024-07-21 11:48:10,003 - INFO - Epoch 7 - Val Loss: 0.5515, Val mIoU: 0.4950, Val Pixel Acc: 0.7858, Val Dice: 0.5429
2024-07-21 11:48:10,004 - INFO - Current learning rate: 0.003561
2024-07-21 11:48:10,005 - INFO - Epoch 8/60
2024-07-21 12:11:02,347 - INFO - Epoch 8 - Train Loss: 0.4899, Train mIoU: 0.5240, Train Pixel Acc: 0.7998, Train Dice: 0.5802
2024-07-21 12:17:24,678 - INFO - Epoch 8 - Val Loss: 0.5391, Val mIoU: 0.5101, Val Pixel Acc: 0.7481, Val Dice: 0.5773
2024-07-21 12:17:24,679 - INFO - Current learning rate: 0.004369
2024-07-21 12:17:24,680 - INFO - Epoch 9/60
2024-07-21 12:40:17,228 - INFO - Epoch 9 - Train Loss: 0.4772, Train mIoU: 0.5447, Train Pixel Acc: 0.8029, Train Dice: 0.6039
2024-07-21 12:46:34,968 - INFO - Epoch 9 - Val Loss: 0.5743, Val mIoU: 0.5107, Val Pixel Acc: 0.7681, Val Dice: 0.5603
2024-07-21 12:46:34,969 - INFO - Current learning rate: 0.005203
2024-07-21 12:46:34,970 - INFO - Epoch 10/60
2024-07-21 13:09:25,312 - INFO - Epoch 10 - Train Loss: 0.4685, Train mIoU: 0.5602, Train Pixel Acc: 0.8057, Train Dice: 0.6173
2024-07-21 13:15:45,104 - INFO - Epoch 10 - Val Loss: 0.5138, Val mIoU: 0.5088, Val Pixel Acc: 0.7882, Val Dice: 0.5636
2024-07-21 13:15:45,105 - INFO - Current learning rate: 0.006037
2024-07-21 13:15:45,106 - INFO - Epoch 11/60
2024-07-21 13:38:32,522 - INFO - Epoch 11 - Train Loss: 0.4627, Train mIoU: 0.5474, Train Pixel Acc: 0.8054, Train Dice: 0.6076
2024-07-21 13:44:57,282 - INFO - Epoch 11 - Val Loss: 0.4847, Val mIoU: 0.5530, Val Pixel Acc: 0.8019, Val Dice: 0.6058
2024-07-21 13:44:57,940 - INFO - Epoch 11 - Best model saved with mIoU: 0.5530
2024-07-21 13:44:57,941 - INFO - Current learning rate: 0.006846
2024-07-21 13:44:57,943 - INFO - Epoch 12/60
2024-07-21 14:07:39,756 - INFO - Epoch 12 - Train Loss: 0.4706, Train mIoU: 0.5511, Train Pixel Acc: 0.8027, Train Dice: 0.6107
2024-07-21 14:14:01,692 - INFO - Epoch 12 - Val Loss: 0.4798, Val mIoU: 0.5571, Val Pixel Acc: 0.8118, Val Dice: 0.6114
2024-07-21 14:14:02,295 - INFO - Epoch 12 - Best model saved with mIoU: 0.5571
2024-07-21 14:14:02,297 - INFO - Current learning rate: 0.007604
2024-07-21 14:14:02,298 - INFO - Epoch 13/60
2024-07-21 14:36:58,580 - INFO - Epoch 13 - Train Loss: 0.4616, Train mIoU: 0.5640, Train Pixel Acc: 0.8068, Train Dice: 0.6227
2024-07-21 14:43:24,059 - INFO - Epoch 13 - Val Loss: 0.4831, Val mIoU: 0.5178, Val Pixel Acc: 0.8036, Val Dice: 0.5710
2024-07-21 14:43:24,060 - INFO - Current learning rate: 0.008289
2024-07-21 14:43:24,061 - INFO - Epoch 14/60
2024-07-21 15:06:23,882 - INFO - Epoch 14 - Train Loss: 0.4557, Train mIoU: 0.5595, Train Pixel Acc: 0.8081, Train Dice: 0.6208
2024-07-21 15:12:54,689 - INFO - Epoch 14 - Val Loss: 0.5372, Val mIoU: 0.5212, Val Pixel Acc: 0.7810, Val Dice: 0.5784
2024-07-21 15:12:54,690 - INFO - Current learning rate: 0.008880
2024-07-21 15:12:54,691 - INFO - Epoch 15/60
2024-07-21 15:36:18,340 - INFO - Epoch 15 - Train Loss: 0.4746, Train mIoU: 0.5452, Train Pixel Acc: 0.8019, Train Dice: 0.6056
2024-07-21 15:42:50,063 - INFO - Epoch 15 - Val Loss: 0.5672, Val mIoU: 0.4995, Val Pixel Acc: 0.7646, Val Dice: 0.5569
2024-07-21 15:42:50,064 - INFO - Current learning rate: 0.009360
2024-07-21 15:42:50,065 - INFO - Epoch 16/60
2024-07-21 16:06:09,173 - INFO - Epoch 16 - Train Loss: 0.4499, Train mIoU: 0.5510, Train Pixel Acc: 0.8090, Train Dice: 0.6132
2024-07-21 16:12:36,703 - INFO - Epoch 16 - Val Loss: 0.4571, Val mIoU: 0.5651, Val Pixel Acc: 0.7991, Val Dice: 0.6340
2024-07-21 16:12:37,310 - INFO - Epoch 16 - Best model saved with mIoU: 0.5651
2024-07-21 16:12:37,311 - INFO - Current learning rate: 0.009713
2024-07-21 16:12:37,311 - INFO - Epoch 17/60
2024-07-21 16:36:06,490 - INFO - Epoch 17 - Train Loss: 0.4361, Train mIoU: 0.5798, Train Pixel Acc: 0.8130, Train Dice: 0.6438
2024-07-21 16:42:38,507 - INFO - Epoch 17 - Val Loss: 0.6126, Val mIoU: 0.5177, Val Pixel Acc: 0.7839, Val Dice: 0.5733
2024-07-21 16:42:38,508 - INFO - Current learning rate: 0.009928
2024-07-21 16:42:38,509 - INFO - Epoch 18/60
2024-07-21 17:05:45,964 - INFO - Epoch 18 - Train Loss: 0.4462, Train mIoU: 0.5677, Train Pixel Acc: 0.8099, Train Dice: 0.6288
2024-07-21 17:12:11,136 - INFO - Epoch 18 - Val Loss: 0.5152, Val mIoU: 0.5463, Val Pixel Acc: 0.7715, Val Dice: 0.6050
2024-07-21 17:12:11,137 - INFO - Current learning rate: 0.010000
2024-07-21 17:12:11,138 - INFO - Epoch 19/60
2024-07-21 17:35:05,732 - INFO - Epoch 19 - Train Loss: 0.4376, Train mIoU: 0.5709, Train Pixel Acc: 0.8145, Train Dice: 0.6347
2024-07-21 17:41:33,948 - INFO - Epoch 19 - Val Loss: 0.5633, Val mIoU: 0.4869, Val Pixel Acc: 0.7745, Val Dice: 0.5479
2024-07-21 17:41:33,950 - INFO - Current learning rate: 0.009986
2024-07-21 17:41:33,951 - INFO - Epoch 20/60
2024-07-21 18:03:49,898 - INFO - Epoch 20 - Train Loss: 0.4517, Train mIoU: 0.5573, Train Pixel Acc: 0.8090, Train Dice: 0.6180
2024-07-21 18:10:12,705 - INFO - Epoch 20 - Val Loss: 0.4250, Val mIoU: 0.5905, Val Pixel Acc: 0.8223, Val Dice: 0.6518
2024-07-21 18:10:13,366 - INFO - Epoch 20 - Best model saved with mIoU: 0.5905
2024-07-21 18:10:13,367 - INFO - Current learning rate: 0.009944
2024-07-21 18:10:13,369 - INFO - Epoch 21/60
2024-07-21 18:33:24,738 - INFO - Epoch 21 - Train Loss: 0.4326, Train mIoU: 0.5840, Train Pixel Acc: 0.8161, Train Dice: 0.6471
2024-07-21 18:39:56,803 - INFO - Epoch 21 - Val Loss: 0.4502, Val mIoU: 0.5663, Val Pixel Acc: 0.8140, Val Dice: 0.6294
2024-07-21 18:39:56,804 - INFO - Current learning rate: 0.009874
2024-07-21 18:39:56,805 - INFO - Epoch 22/60
2024-07-21 19:03:15,109 - INFO - Epoch 22 - Train Loss: 0.4230, Train mIoU: 0.5828, Train Pixel Acc: 0.8166, Train Dice: 0.6478
2024-07-21 19:09:42,122 - INFO - Epoch 22 - Val Loss: 0.4390, Val mIoU: 0.5666, Val Pixel Acc: 0.8155, Val Dice: 0.6291
2024-07-21 19:09:42,123 - INFO - Current learning rate: 0.009777
2024-07-21 19:09:42,124 - INFO - Epoch 23/60
2024-07-21 19:32:38,010 - INFO - Epoch 23 - Train Loss: 0.4345, Train mIoU: 0.5894, Train Pixel Acc: 0.8155, Train Dice: 0.6508
2024-07-21 19:39:05,974 - INFO - Epoch 23 - Val Loss: 0.6906, Val mIoU: 0.4688, Val Pixel Acc: 0.7196, Val Dice: 0.5236
2024-07-21 19:39:05,975 - INFO - Current learning rate: 0.009653
2024-07-21 19:39:05,976 - INFO - Epoch 24/60
2024-07-21 20:02:09,463 - INFO - Epoch 24 - Train Loss: 0.4283, Train mIoU: 0.5826, Train Pixel Acc: 0.8139, Train Dice: 0.6459
2024-07-21 20:08:30,970 - INFO - Epoch 24 - Val Loss: 0.4709, Val mIoU: 0.5537, Val Pixel Acc: 0.7930, Val Dice: 0.6146
2024-07-21 20:08:30,972 - INFO - Current learning rate: 0.009504
2024-07-21 20:08:30,972 - INFO - Epoch 25/60
2024-07-21 20:31:19,481 - INFO - Epoch 25 - Train Loss: 0.4196, Train mIoU: 0.6012, Train Pixel Acc: 0.8189, Train Dice: 0.6643
2024-07-21 20:37:44,385 - INFO - Epoch 25 - Val Loss: 0.4495, Val mIoU: 0.5622, Val Pixel Acc: 0.8162, Val Dice: 0.6220
2024-07-21 20:37:44,386 - INFO - Current learning rate: 0.009329
2024-07-21 20:37:44,387 - INFO - Epoch 26/60
2024-07-21 21:00:49,427 - INFO - Epoch 26 - Train Loss: 0.4350, Train mIoU: 0.5871, Train Pixel Acc: 0.8143, Train Dice: 0.6493
2024-07-21 21:07:12,644 - INFO - Epoch 26 - Val Loss: 0.4607, Val mIoU: 0.5723, Val Pixel Acc: 0.8066, Val Dice: 0.6284
2024-07-21 21:07:12,645 - INFO - Current learning rate: 0.009130
2024-07-21 21:07:12,646 - INFO - Epoch 27/60
2024-07-21 21:29:45,257 - INFO - Epoch 27 - Train Loss: 0.4177, Train mIoU: 0.6018, Train Pixel Acc: 0.8181, Train Dice: 0.6641
2024-07-21 21:35:59,478 - INFO - Epoch 27 - Val Loss: 0.4286, Val mIoU: 0.5743, Val Pixel Acc: 0.8144, Val Dice: 0.6393
2024-07-21 21:35:59,479 - INFO - Current learning rate: 0.008907
2024-07-21 21:35:59,480 - INFO - Epoch 28/60
2024-07-21 21:58:26,983 - INFO - Epoch 28 - Train Loss: 0.4333, Train mIoU: 0.5937, Train Pixel Acc: 0.8140, Train Dice: 0.6554
2024-07-21 22:04:41,541 - INFO - Epoch 28 - Val Loss: 0.4489, Val mIoU: 0.5558, Val Pixel Acc: 0.8083, Val Dice: 0.6202
2024-07-21 22:04:41,542 - INFO - Current learning rate: 0.008663
2024-07-21 22:04:41,543 - INFO - Epoch 29/60
2024-07-21 22:27:05,603 - INFO - Epoch 29 - Train Loss: 0.4270, Train mIoU: 0.6020, Train Pixel Acc: 0.8148, Train Dice: 0.6641
2024-07-21 22:33:21,648 - INFO - Epoch 29 - Val Loss: 0.7947, Val mIoU: 0.4751, Val Pixel Acc: 0.6694, Val Dice: 0.5329
2024-07-21 22:33:21,649 - INFO - Current learning rate: 0.008399
2024-07-21 22:33:21,650 - INFO - Epoch 30/60
2024-07-21 22:55:58,783 - INFO - Epoch 30 - Train Loss: 0.4273, Train mIoU: 0.5993, Train Pixel Acc: 0.8135, Train Dice: 0.6618
2024-07-21 23:02:12,390 - INFO - Epoch 30 - Val Loss: 0.4766, Val mIoU: 0.5593, Val Pixel Acc: 0.8023, Val Dice: 0.6167
2024-07-21 23:02:12,391 - INFO - Current learning rate: 0.008115
2024-07-21 23:02:12,392 - INFO - Epoch 31/60
2024-07-21 23:24:31,484 - INFO - Epoch 31 - Train Loss: 0.4091, Train mIoU: 0.6090, Train Pixel Acc: 0.8199, Train Dice: 0.6720
2024-07-21 23:30:44,187 - INFO - Epoch 31 - Val Loss: 0.4281, Val mIoU: 0.5763, Val Pixel Acc: 0.8181, Val Dice: 0.6344
2024-07-21 23:30:44,188 - INFO - Current learning rate: 0.007814
2024-07-21 23:30:44,188 - INFO - Epoch 32/60
2024-07-21 23:52:58,684 - INFO - Epoch 32 - Train Loss: 0.4051, Train mIoU: 0.6034, Train Pixel Acc: 0.8207, Train Dice: 0.6674
2024-07-21 23:59:17,015 - INFO - Epoch 32 - Val Loss: 0.4315, Val mIoU: 0.5900, Val Pixel Acc: 0.8099, Val Dice: 0.6551
2024-07-21 23:59:17,016 - INFO - Current learning rate: 0.007497
2024-07-21 23:59:17,017 - INFO - Epoch 33/60
2024-07-22 00:49:08,957 - INFO - Using device: cuda
2024-07-22 00:49:10,941 - INFO - Epoch 1/60
2024-07-22 00:58:46,609 - INFO - Using device: cuda
2024-07-22 00:58:51,728 - INFO - Epoch 1/60
2024-07-22 01:14:20,850 - INFO - Using device: cuda
2024-07-22 01:14:26,379 - INFO - Epoch 1/60
2024-07-22 01:39:06,271 - INFO - Epoch 1 - Train Loss: 0.8556, Train mIoU: 0.4985, Train Pixel Acc: 0.7552, Train Dice: 0.5409
2024-07-22 01:45:57,322 - INFO - Epoch 1 - Val Loss: 0.6464, Val mIoU: 0.5325, Val Pixel Acc: 0.8087, Val Dice: 0.5734
2024-07-22 01:45:58,074 - INFO - Epoch 1 - Best model saved with mIoU: 0.5325
2024-07-22 01:45:58,074 - INFO - Current learning rate: 0.000473
2024-07-22 01:45:58,074 - INFO - Epoch 2/60
2024-07-22 02:24:14,656 - INFO - Using device: cuda
2024-07-22 02:24:24,527 - INFO - Epoch 1/60
2024-07-22 02:47:21,315 - INFO - Epoch 1 - Train Loss: 0.8470, Train mIoU: 0.4933, Train Pixel Acc: 0.7608, Train Dice: 0.5355
2024-07-22 02:53:38,249 - INFO - Epoch 1 - Val Loss: 0.6372, Val mIoU: 0.5433, Val Pixel Acc: 0.8071, Val Dice: 0.5906
2024-07-22 02:53:39,252 - INFO - Epoch 1 - Best model saved with mIoU: 0.5433
2024-07-22 02:53:39,253 - INFO - Current learning rate: 0.000473
2024-07-22 02:53:39,253 - INFO - Epoch 2/60
2024-07-22 03:16:47,190 - INFO - Epoch 2 - Train Loss: 0.6368, Train mIoU: 0.5472, Train Pixel Acc: 0.8022, Train Dice: 0.5973
2024-07-22 03:23:15,823 - INFO - Epoch 2 - Val Loss: 0.6144, Val mIoU: 0.5409, Val Pixel Acc: 0.8068, Val Dice: 0.5887
2024-07-22 03:23:15,824 - INFO - Current learning rate: 0.000690
2024-07-22 03:23:15,824 - INFO - Epoch 3/60
2024-07-22 03:46:58,769 - INFO - Epoch 3 - Train Loss: 0.6264, Train mIoU: 0.5167, Train Pixel Acc: 0.8039, Train Dice: 0.5707
2024-07-22 03:53:31,104 - INFO - Epoch 3 - Val Loss: 0.5939, Val mIoU: 0.5393, Val Pixel Acc: 0.8149, Val Dice: 0.5956
2024-07-22 03:53:31,105 - INFO - Current learning rate: 0.001044
2024-07-22 03:53:31,105 - INFO - Epoch 4/60
2024-07-22 04:16:44,633 - INFO - Epoch 4 - Train Loss: 0.6030, Train mIoU: 0.5392, Train Pixel Acc: 0.8093, Train Dice: 0.5944
2024-07-22 04:23:16,230 - INFO - Epoch 4 - Val Loss: 0.8492, Val mIoU: 0.4619, Val Pixel Acc: 0.7649, Val Dice: 0.5231
2024-07-22 04:23:16,231 - INFO - Current learning rate: 0.001524
2024-07-22 04:23:16,231 - INFO - Epoch 5/60
2024-07-22 04:46:54,478 - INFO - Epoch 5 - Train Loss: 0.6202, Train mIoU: 0.5302, Train Pixel Acc: 0.8011, Train Dice: 0.5850
2024-07-22 04:53:26,477 - INFO - Epoch 5 - Val Loss: 0.6205, Val mIoU: 0.5206, Val Pixel Acc: 0.7937, Val Dice: 0.5736
2024-07-22 04:53:26,477 - INFO - Current learning rate: 0.002116
2024-07-22 04:53:26,478 - INFO - Epoch 6/60
2024-07-22 05:15:56,334 - INFO - Epoch 6 - Train Loss: 0.5692, Train mIoU: 0.5275, Train Pixel Acc: 0.7980, Train Dice: 0.5827
2024-07-22 05:22:21,542 - INFO - Epoch 6 - Val Loss: 0.5255, Val mIoU: 0.5239, Val Pixel Acc: 0.8006, Val Dice: 0.5812
2024-07-22 05:22:21,543 - INFO - Current learning rate: 0.002802
2024-07-22 05:22:21,543 - INFO - Epoch 7/60
2024-07-22 05:45:54,453 - INFO - Epoch 7 - Train Loss: 0.4864, Train mIoU: 0.5472, Train Pixel Acc: 0.8029, Train Dice: 0.6054
2024-07-22 05:52:26,052 - INFO - Epoch 7 - Val Loss: 0.5275, Val mIoU: 0.4986, Val Pixel Acc: 0.7830, Val Dice: 0.5561
2024-07-22 05:52:26,052 - INFO - Current learning rate: 0.003561
2024-07-22 05:52:26,052 - INFO - Epoch 8/60
2024-07-22 06:15:29,859 - INFO - Epoch 8 - Train Loss: 0.4899, Train mIoU: 0.5337, Train Pixel Acc: 0.7977, Train Dice: 0.5920
2024-07-22 06:22:03,172 - INFO - Epoch 8 - Val Loss: 0.4807, Val mIoU: 0.5684, Val Pixel Acc: 0.8071, Val Dice: 0.6297
2024-07-22 06:22:03,792 - INFO - Epoch 8 - Best model saved with mIoU: 0.5684
2024-07-22 06:22:03,792 - INFO - Current learning rate: 0.004369
2024-07-22 06:22:03,792 - INFO - Epoch 9/60
2024-07-22 06:45:56,402 - INFO - Epoch 9 - Train Loss: 0.4731, Train mIoU: 0.5499, Train Pixel Acc: 0.8047, Train Dice: 0.6080
2024-07-22 06:52:38,989 - INFO - Epoch 9 - Val Loss: 0.5042, Val mIoU: 0.5110, Val Pixel Acc: 0.7879, Val Dice: 0.5712
2024-07-22 06:52:38,989 - INFO - Current learning rate: 0.005203
2024-07-22 06:52:38,990 - INFO - Epoch 10/60
2024-07-22 07:16:12,898 - INFO - Epoch 10 - Train Loss: 0.4608, Train mIoU: 0.5586, Train Pixel Acc: 0.8072, Train Dice: 0.6172
2024-07-22 07:22:46,365 - INFO - Epoch 10 - Val Loss: 0.4640, Val mIoU: 0.5501, Val Pixel Acc: 0.8156, Val Dice: 0.6048
2024-07-22 07:22:46,365 - INFO - Current learning rate: 0.006037
2024-07-22 07:22:46,365 - INFO - Epoch 11/60
2024-07-22 07:45:02,186 - INFO - Epoch 11 - Train Loss: 0.4599, Train mIoU: 0.5547, Train Pixel Acc: 0.8084, Train Dice: 0.6133
2024-07-22 07:51:27,243 - INFO - Epoch 11 - Val Loss: 0.5192, Val mIoU: 0.5269, Val Pixel Acc: 0.7867, Val Dice: 0.5827
2024-07-22 07:51:27,243 - INFO - Current learning rate: 0.006846
2024-07-22 07:51:27,243 - INFO - Epoch 12/60
2024-07-22 08:14:53,387 - INFO - Epoch 12 - Train Loss: 0.4658, Train mIoU: 0.5598, Train Pixel Acc: 0.8051, Train Dice: 0.6189
2024-07-22 08:21:23,642 - INFO - Epoch 12 - Val Loss: 0.4863, Val mIoU: 0.5316, Val Pixel Acc: 0.7909, Val Dice: 0.5939
2024-07-22 08:21:23,642 - INFO - Current learning rate: 0.007604
2024-07-22 08:21:23,642 - INFO - Epoch 13/60
2024-07-22 08:44:50,445 - INFO - Epoch 13 - Train Loss: 0.4595, Train mIoU: 0.5526, Train Pixel Acc: 0.8061, Train Dice: 0.6125
2024-07-22 08:51:21,378 - INFO - Epoch 13 - Val Loss: 0.4875, Val mIoU: 0.5079, Val Pixel Acc: 0.8052, Val Dice: 0.5649
2024-07-22 08:51:21,379 - INFO - Current learning rate: 0.008289
2024-07-22 08:51:21,379 - INFO - Epoch 14/60
2024-07-22 09:14:32,372 - INFO - Epoch 14 - Train Loss: 0.4683, Train mIoU: 0.5556, Train Pixel Acc: 0.8016, Train Dice: 0.6157
2024-07-22 09:21:03,147 - INFO - Epoch 14 - Val Loss: 0.5347, Val mIoU: 0.5064, Val Pixel Acc: 0.7670, Val Dice: 0.5624
2024-07-22 09:21:03,148 - INFO - Current learning rate: 0.008880
2024-07-22 09:21:03,148 - INFO - Epoch 15/60
2024-07-22 09:44:41,465 - INFO - Epoch 15 - Train Loss: 0.4614, Train mIoU: 0.5540, Train Pixel Acc: 0.8071, Train Dice: 0.6138
2024-07-22 09:51:15,557 - INFO - Epoch 15 - Val Loss: 0.4514, Val mIoU: 0.5758, Val Pixel Acc: 0.8113, Val Dice: 0.6413
2024-07-22 09:51:16,225 - INFO - Epoch 15 - Best model saved with mIoU: 0.5758
2024-07-22 09:51:16,225 - INFO - Current learning rate: 0.009360
2024-07-22 09:51:16,225 - INFO - Epoch 16/60
2024-07-22 10:14:10,172 - INFO - Epoch 16 - Train Loss: 0.4442, Train mIoU: 0.5638, Train Pixel Acc: 0.8123, Train Dice: 0.6246
2024-07-22 10:20:43,667 - INFO - Epoch 16 - Val Loss: 0.4707, Val mIoU: 0.5452, Val Pixel Acc: 0.8124, Val Dice: 0.6011
2024-07-22 10:20:43,667 - INFO - Current learning rate: 0.009713
2024-07-22 10:20:43,667 - INFO - Epoch 17/60
2024-07-22 10:44:33,602 - INFO - Epoch 17 - Train Loss: 0.4319, Train mIoU: 0.5810, Train Pixel Acc: 0.8156, Train Dice: 0.6442
2024-07-22 10:51:04,161 - INFO - Epoch 17 - Val Loss: 0.4649, Val mIoU: 0.5559, Val Pixel Acc: 0.8026, Val Dice: 0.6189
2024-07-22 10:51:04,161 - INFO - Current learning rate: 0.009928
2024-07-22 10:51:04,161 - INFO - Epoch 18/60
2024-07-22 11:14:51,663 - INFO - Epoch 18 - Train Loss: 0.4399, Train mIoU: 0.5824, Train Pixel Acc: 0.8116, Train Dice: 0.6456
2024-07-22 11:21:28,865 - INFO - Epoch 18 - Val Loss: 0.4633, Val mIoU: 0.5730, Val Pixel Acc: 0.8116, Val Dice: 0.6301
2024-07-22 11:21:28,866 - INFO - Current learning rate: 0.010000
2024-07-22 11:21:28,866 - INFO - Epoch 19/60
2024-07-22 11:44:49,212 - INFO - Epoch 19 - Train Loss: 0.4372, Train mIoU: 0.5724, Train Pixel Acc: 0.8152, Train Dice: 0.6354
2024-07-22 11:52:22,061 - INFO - Epoch 19 - Val Loss: 0.4451, Val mIoU: 0.5724, Val Pixel Acc: 0.8201, Val Dice: 0.6314
2024-07-22 11:52:22,062 - INFO - Current learning rate: 0.009986
2024-07-22 11:52:22,062 - INFO - Epoch 20/60
2024-07-22 12:16:00,948 - INFO - Epoch 20 - Train Loss: 0.4270, Train mIoU: 0.5797, Train Pixel Acc: 0.8175, Train Dice: 0.6434
2024-07-22 12:22:45,416 - INFO - Epoch 20 - Val Loss: 0.5119, Val mIoU: 0.5480, Val Pixel Acc: 0.7619, Val Dice: 0.6099
2024-07-22 12:22:45,416 - INFO - Current learning rate: 0.009944
2024-07-22 12:22:45,416 - INFO - Epoch 21/60
2024-07-22 12:47:06,298 - INFO - Epoch 21 - Train Loss: 0.4254, Train mIoU: 0.5814, Train Pixel Acc: 0.8178, Train Dice: 0.6468
2024-07-22 12:53:53,039 - INFO - Epoch 21 - Val Loss: 0.4621, Val mIoU: 0.5585, Val Pixel Acc: 0.8062, Val Dice: 0.6207
2024-07-22 12:53:53,040 - INFO - Current learning rate: 0.009874
2024-07-22 12:53:53,040 - INFO - Epoch 22/60
2024-07-22 13:18:08,164 - INFO - Epoch 22 - Train Loss: 0.4284, Train mIoU: 0.5862, Train Pixel Acc: 0.8151, Train Dice: 0.6504
2024-07-22 13:24:53,796 - INFO - Epoch 22 - Val Loss: 0.4634, Val mIoU: 0.5743, Val Pixel Acc: 0.8091, Val Dice: 0.6337
2024-07-22 13:24:53,797 - INFO - Current learning rate: 0.009777
2024-07-22 13:24:53,797 - INFO - Epoch 23/60
2024-07-22 13:49:06,928 - INFO - Epoch 23 - Train Loss: 0.4524, Train mIoU: 0.5700, Train Pixel Acc: 0.8097, Train Dice: 0.6320
2024-07-22 13:55:48,992 - INFO - Epoch 23 - Val Loss: 0.5632, Val mIoU: 0.5013, Val Pixel Acc: 0.7759, Val Dice: 0.5561
2024-07-22 13:55:48,993 - INFO - Current learning rate: 0.009653
2024-07-22 13:55:48,993 - INFO - Epoch 24/60
2024-07-22 14:20:08,300 - INFO - Epoch 24 - Train Loss: 0.4369, Train mIoU: 0.5737, Train Pixel Acc: 0.8125, Train Dice: 0.6359
2024-07-22 14:26:49,391 - INFO - Epoch 24 - Val Loss: 0.4465, Val mIoU: 0.5749, Val Pixel Acc: 0.8216, Val Dice: 0.6316
2024-07-22 14:26:49,392 - INFO - Current learning rate: 0.009504
2024-07-22 14:26:49,392 - INFO - Epoch 25/60
2024-07-22 14:52:03,385 - INFO - Epoch 25 - Train Loss: 0.4344, Train mIoU: 0.5879, Train Pixel Acc: 0.8145, Train Dice: 0.6503
2024-07-22 14:59:14,360 - INFO - Epoch 25 - Val Loss: 0.6257, Val mIoU: 0.4809, Val Pixel Acc: 0.7424, Val Dice: 0.5372
2024-07-22 14:59:14,361 - INFO - Current learning rate: 0.009329
2024-07-22 14:59:14,361 - INFO - Epoch 26/60
2024-07-22 15:24:56,387 - INFO - Epoch 26 - Train Loss: 0.4326, Train mIoU: 0.5810, Train Pixel Acc: 0.8154, Train Dice: 0.6431
2024-07-22 15:31:34,480 - INFO - Epoch 26 - Val Loss: 0.4493, Val mIoU: 0.5656, Val Pixel Acc: 0.8115, Val Dice: 0.6230
2024-07-22 15:31:34,480 - INFO - Current learning rate: 0.009130
2024-07-22 15:31:34,480 - INFO - Epoch 27/60
2024-07-22 15:55:09,944 - INFO - Epoch 27 - Train Loss: 0.4290, Train mIoU: 0.5881, Train Pixel Acc: 0.8149, Train Dice: 0.6498
2024-07-22 16:02:03,349 - INFO - Epoch 27 - Val Loss: 0.4686, Val mIoU: 0.5714, Val Pixel Acc: 0.7968, Val Dice: 0.6291
2024-07-22 16:02:03,350 - INFO - Current learning rate: 0.008907
2024-07-22 16:02:03,350 - INFO - Epoch 28/60
2024-07-22 16:27:17,241 - INFO - Epoch 28 - Train Loss: 0.4204, Train mIoU: 0.5990, Train Pixel Acc: 0.8170, Train Dice: 0.6600
2024-07-22 16:34:08,060 - INFO - Epoch 28 - Val Loss: 0.4634, Val mIoU: 0.5701, Val Pixel Acc: 0.8089, Val Dice: 0.6296
2024-07-22 16:34:08,060 - INFO - Current learning rate: 0.008663
2024-07-22 16:34:08,061 - INFO - Epoch 29/60
2024-07-22 16:59:47,577 - INFO - Epoch 29 - Train Loss: 0.4296, Train mIoU: 0.5925, Train Pixel Acc: 0.8130, Train Dice: 0.6547
2024-07-22 17:06:39,368 - INFO - Epoch 29 - Val Loss: 0.7950, Val mIoU: 0.5170, Val Pixel Acc: 0.7411, Val Dice: 0.5787
2024-07-22 17:06:39,368 - INFO - Current learning rate: 0.008399
2024-07-22 17:06:39,368 - INFO - Epoch 30/60
2024-07-22 17:30:22,004 - INFO - Epoch 30 - Train Loss: 0.4381, Train mIoU: 0.5846, Train Pixel Acc: 0.8118, Train Dice: 0.6464
2024-07-22 17:37:02,691 - INFO - Epoch 30 - Val Loss: 0.4817, Val mIoU: 0.5413, Val Pixel Acc: 0.7900, Val Dice: 0.6072
2024-07-22 17:37:02,692 - INFO - Current learning rate: 0.008115
2024-07-22 17:37:02,692 - INFO - Epoch 31/60
2024-07-22 18:01:39,629 - INFO - Epoch 31 - Train Loss: 0.4208, Train mIoU: 0.5969, Train Pixel Acc: 0.8192, Train Dice: 0.6588
2024-07-22 18:08:36,472 - INFO - Epoch 31 - Val Loss: 0.4103, Val mIoU: 0.5846, Val Pixel Acc: 0.8245, Val Dice: 0.6419
2024-07-22 18:08:37,122 - INFO - Epoch 31 - Best model saved with mIoU: 0.5846
2024-07-22 18:08:37,122 - INFO - Current learning rate: 0.007814
2024-07-22 18:08:37,122 - INFO - Epoch 32/60
2024-07-22 18:32:17,859 - INFO - Epoch 32 - Train Loss: 0.4059, Train mIoU: 0.6028, Train Pixel Acc: 0.8206, Train Dice: 0.6656
2024-07-22 18:38:44,478 - INFO - Epoch 32 - Val Loss: 0.4353, Val mIoU: 0.5698, Val Pixel Acc: 0.8188, Val Dice: 0.6224
2024-07-22 18:38:44,479 - INFO - Current learning rate: 0.007497
2024-07-22 18:38:44,479 - INFO - Epoch 33/60
2024-07-22 19:03:04,433 - INFO - Epoch 33 - Train Loss: 0.3984, Train mIoU: 0.6148, Train Pixel Acc: 0.8199, Train Dice: 0.6762
2024-07-22 19:09:38,374 - INFO - Epoch 33 - Val Loss: 0.4146, Val mIoU: 0.5877, Val Pixel Acc: 0.8220, Val Dice: 0.6542
2024-07-22 19:09:39,018 - INFO - Epoch 33 - Best model saved with mIoU: 0.5877
2024-07-22 19:09:39,018 - INFO - Current learning rate: 0.007167
2024-07-22 19:09:39,018 - INFO - Epoch 34/60
2024-07-22 19:34:10,329 - INFO - Epoch 34 - Train Loss: 0.3860, Train mIoU: 0.6222, Train Pixel Acc: 0.8240, Train Dice: 0.6863
2024-07-22 19:40:53,198 - INFO - Epoch 34 - Val Loss: 0.4102, Val mIoU: 0.5937, Val Pixel Acc: 0.8136, Val Dice: 0.6597
2024-07-22 19:40:53,801 - INFO - Epoch 34 - Best model saved with mIoU: 0.5937
2024-07-22 19:40:53,802 - INFO - Current learning rate: 0.006824
2024-07-22 19:40:53,802 - INFO - Epoch 35/60
2024-07-22 20:04:24,801 - INFO - Epoch 35 - Train Loss: 0.3941, Train mIoU: 0.6123, Train Pixel Acc: 0.8226, Train Dice: 0.6775
2024-07-22 20:10:55,690 - INFO - Epoch 35 - Val Loss: 0.3990, Val mIoU: 0.6043, Val Pixel Acc: 0.8231, Val Dice: 0.6703
2024-07-22 20:10:56,281 - INFO - Epoch 35 - Best model saved with mIoU: 0.6043
2024-07-22 20:10:56,281 - INFO - Current learning rate: 0.006471
2024-07-22 20:10:56,281 - INFO - Epoch 36/60
2024-07-22 20:34:10,526 - INFO - Epoch 36 - Train Loss: 0.3867, Train mIoU: 0.6142, Train Pixel Acc: 0.8246, Train Dice: 0.6799
2024-07-22 20:40:36,723 - INFO - Epoch 36 - Val Loss: 0.4174, Val mIoU: 0.5964, Val Pixel Acc: 0.8211, Val Dice: 0.6602
2024-07-22 20:40:36,724 - INFO - Current learning rate: 0.006110
2024-07-22 20:40:36,724 - INFO - Epoch 37/60
2024-07-22 21:04:29,591 - INFO - Epoch 37 - Train Loss: 0.3920, Train mIoU: 0.6135, Train Pixel Acc: 0.8245, Train Dice: 0.6795
2024-07-22 21:13:43,078 - INFO - Epoch 37 - Val Loss: 0.4180, Val mIoU: 0.5866, Val Pixel Acc: 0.8216, Val Dice: 0.6502
2024-07-22 21:13:43,078 - INFO - Current learning rate: 0.005742
2024-07-22 21:13:43,078 - INFO - Epoch 38/60
2024-07-22 21:37:48,061 - INFO - Epoch 38 - Train Loss: 0.3871, Train mIoU: 0.6237, Train Pixel Acc: 0.8230, Train Dice: 0.6900
2024-07-22 21:44:10,784 - INFO - Epoch 38 - Val Loss: 0.4226, Val mIoU: 0.5883, Val Pixel Acc: 0.8137, Val Dice: 0.6489
2024-07-22 21:44:10,785 - INFO - Current learning rate: 0.005371
2024-07-22 21:44:10,785 - INFO - Epoch 39/60
2024-07-22 22:07:24,061 - INFO - Epoch 39 - Train Loss: 0.3793, Train mIoU: 0.6237, Train Pixel Acc: 0.8253, Train Dice: 0.6904
2024-07-22 22:13:49,503 - INFO - Epoch 39 - Val Loss: 0.4216, Val mIoU: 0.5885, Val Pixel Acc: 0.8196, Val Dice: 0.6519
2024-07-22 22:13:49,504 - INFO - Current learning rate: 0.004997
2024-07-22 22:13:49,504 - INFO - Epoch 40/60
2024-07-22 22:37:08,891 - INFO - Epoch 40 - Train Loss: 0.3667, Train mIoU: 0.6293, Train Pixel Acc: 0.8289, Train Dice: 0.6973
2024-07-22 22:43:32,814 - INFO - Epoch 40 - Val Loss: 0.3775, Val mIoU: 0.6122, Val Pixel Acc: 0.8273, Val Dice: 0.6804
2024-07-22 22:43:33,436 - INFO - Epoch 40 - Best model saved with mIoU: 0.6122
2024-07-22 22:43:33,436 - INFO - Current learning rate: 0.004624
2024-07-22 22:43:33,436 - INFO - Epoch 41/60
2024-07-22 23:07:03,323 - INFO - Epoch 41 - Train Loss: 0.3670, Train mIoU: 0.6333, Train Pixel Acc: 0.8290, Train Dice: 0.7011
2024-07-22 23:13:25,015 - INFO - Epoch 41 - Val Loss: 0.3939, Val mIoU: 0.6108, Val Pixel Acc: 0.8237, Val Dice: 0.6789
2024-07-22 23:13:25,015 - INFO - Current learning rate: 0.004252
2024-07-22 23:13:25,015 - INFO - Epoch 42/60
2024-07-22 23:35:58,235 - INFO - Epoch 42 - Train Loss: 0.3599, Train mIoU: 0.6366, Train Pixel Acc: 0.8303, Train Dice: 0.7043
2024-07-22 23:42:27,872 - INFO - Epoch 42 - Val Loss: 0.3812, Val mIoU: 0.6180, Val Pixel Acc: 0.8253, Val Dice: 0.6862
2024-07-22 23:42:28,506 - INFO - Epoch 42 - Best model saved with mIoU: 0.6180
2024-07-22 23:42:28,506 - INFO - Current learning rate: 0.003885
2024-07-22 23:42:28,507 - INFO - Epoch 43/60
2024-07-23 00:05:21,557 - INFO - Epoch 43 - Train Loss: 0.3541, Train mIoU: 0.6425, Train Pixel Acc: 0.8320, Train Dice: 0.7113
2024-07-23 00:11:47,695 - INFO - Epoch 43 - Val Loss: 0.3772, Val mIoU: 0.6197, Val Pixel Acc: 0.8285, Val Dice: 0.6877
2024-07-23 00:11:48,290 - INFO - Epoch 43 - Best model saved with mIoU: 0.6197
2024-07-23 00:11:48,290 - INFO - Current learning rate: 0.003524
2024-07-23 00:11:48,290 - INFO - Epoch 44/60
2024-07-23 00:34:33,668 - INFO - Epoch 44 - Train Loss: 0.3459, Train mIoU: 0.6436, Train Pixel Acc: 0.8341, Train Dice: 0.7145
2024-07-23 00:40:58,301 - INFO - Epoch 44 - Val Loss: 0.3767, Val mIoU: 0.6142, Val Pixel Acc: 0.8303, Val Dice: 0.6819
2024-07-23 00:40:58,301 - INFO - Current learning rate: 0.003171
2024-07-23 00:40:58,301 - INFO - Epoch 45/60
2024-07-23 01:03:50,143 - INFO - Epoch 45 - Train Loss: 0.3415, Train mIoU: 0.6458, Train Pixel Acc: 0.8359, Train Dice: 0.7158
2024-07-23 01:10:16,463 - INFO - Epoch 45 - Val Loss: 0.3785, Val mIoU: 0.6203, Val Pixel Acc: 0.8302, Val Dice: 0.6906
2024-07-23 01:10:17,059 - INFO - Epoch 45 - Best model saved with mIoU: 0.6203
2024-07-23 01:10:17,059 - INFO - Current learning rate: 0.002828
2024-07-23 01:10:17,059 - INFO - Epoch 46/60
2024-07-23 01:32:08,702 - INFO - Epoch 46 - Train Loss: 0.3389, Train mIoU: 0.6511, Train Pixel Acc: 0.8359, Train Dice: 0.7209
2024-07-23 01:38:28,719 - INFO - Epoch 46 - Val Loss: 0.3749, Val mIoU: 0.6257, Val Pixel Acc: 0.8304, Val Dice: 0.6960
2024-07-23 01:38:29,319 - INFO - Epoch 46 - Best model saved with mIoU: 0.6257
2024-07-23 01:38:29,319 - INFO - Current learning rate: 0.002498
2024-07-23 01:38:29,319 - INFO - Epoch 47/60
2024-07-23 02:00:24,996 - INFO - Epoch 47 - Train Loss: 0.3374, Train mIoU: 0.6508, Train Pixel Acc: 0.8365, Train Dice: 0.7222
2024-07-23 02:06:42,719 - INFO - Epoch 47 - Val Loss: 0.3777, Val mIoU: 0.6205, Val Pixel Acc: 0.8336, Val Dice: 0.6878
2024-07-23 02:06:42,720 - INFO - Current learning rate: 0.002181
2024-07-23 02:06:42,720 - INFO - Epoch 48/60
2024-07-23 02:29:46,219 - INFO - Epoch 48 - Train Loss: 0.3316, Train mIoU: 0.6557, Train Pixel Acc: 0.8388, Train Dice: 0.7272
2024-07-23 02:36:08,787 - INFO - Epoch 48 - Val Loss: 0.3740, Val mIoU: 0.6247, Val Pixel Acc: 0.8340, Val Dice: 0.6941
2024-07-23 02:36:08,788 - INFO - Current learning rate: 0.001880
2024-07-23 02:36:08,788 - INFO - Epoch 49/60
2024-07-23 02:58:48,644 - INFO - Epoch 49 - Train Loss: 0.3245, Train mIoU: 0.6613, Train Pixel Acc: 0.8400, Train Dice: 0.7330
2024-07-23 03:05:11,929 - INFO - Epoch 49 - Val Loss: 0.3712, Val mIoU: 0.6269, Val Pixel Acc: 0.8353, Val Dice: 0.6971
2024-07-23 03:05:12,753 - INFO - Epoch 49 - Best model saved with mIoU: 0.6269
2024-07-23 03:05:12,753 - INFO - Current learning rate: 0.001597
2024-07-23 03:05:12,753 - INFO - Epoch 50/60
2024-07-23 03:28:07,758 - INFO - Epoch 50 - Train Loss: 0.3197, Train mIoU: 0.6651, Train Pixel Acc: 0.8416, Train Dice: 0.7377
2024-07-23 03:34:30,943 - INFO - Epoch 50 - Val Loss: 0.3727, Val mIoU: 0.6293, Val Pixel Acc: 0.8340, Val Dice: 0.6981
2024-07-23 03:34:31,543 - INFO - Epoch 50 - Best model saved with mIoU: 0.6293
2024-07-23 03:34:31,543 - INFO - Current learning rate: 0.001333
2024-07-23 03:34:31,543 - INFO - Epoch 51/60
2024-07-23 03:57:15,070 - INFO - Epoch 51 - Train Loss: 0.3158, Train mIoU: 0.6700, Train Pixel Acc: 0.8433, Train Dice: 0.7420
2024-07-23 04:03:36,617 - INFO - Epoch 51 - Val Loss: 0.3723, Val mIoU: 0.6349, Val Pixel Acc: 0.8349, Val Dice: 0.7062
2024-07-23 04:03:37,211 - INFO - Epoch 51 - Best model saved with mIoU: 0.6349
2024-07-23 04:03:37,211 - INFO - Current learning rate: 0.001089
2024-07-23 04:03:37,211 - INFO - Epoch 52/60
2024-07-23 04:26:31,722 - INFO - Epoch 52 - Train Loss: 0.3110, Train mIoU: 0.6737, Train Pixel Acc: 0.8447, Train Dice: 0.7465
2024-07-23 04:32:53,638 - INFO - Epoch 52 - Val Loss: 0.3810, Val mIoU: 0.6237, Val Pixel Acc: 0.8353, Val Dice: 0.6914
2024-07-23 04:32:53,639 - INFO - Current learning rate: 0.000867
2024-07-23 04:32:53,639 - INFO - Epoch 53/60
2024-07-23 04:55:43,747 - INFO - Epoch 53 - Train Loss: 0.3079, Train mIoU: 0.6760, Train Pixel Acc: 0.8464, Train Dice: 0.7484
2024-07-23 05:02:07,519 - INFO - Epoch 53 - Val Loss: 0.3707, Val mIoU: 0.6318, Val Pixel Acc: 0.8358, Val Dice: 0.7022
2024-07-23 05:02:07,519 - INFO - Current learning rate: 0.000669
2024-07-23 05:02:07,519 - INFO - Epoch 54/60
2024-07-23 05:25:08,716 - INFO - Epoch 54 - Train Loss: 0.3032, Train mIoU: 0.6791, Train Pixel Acc: 0.8475, Train Dice: 0.7513
2024-07-23 05:31:33,928 - INFO - Epoch 54 - Val Loss: 0.3735, Val mIoU: 0.6358, Val Pixel Acc: 0.8359, Val Dice: 0.7075
2024-07-23 05:31:34,575 - INFO - Epoch 54 - Best model saved with mIoU: 0.6358
2024-07-23 05:31:34,575 - INFO - Current learning rate: 0.000494
2024-07-23 05:31:34,575 - INFO - Epoch 55/60
2024-07-23 05:54:29,014 - INFO - Epoch 55 - Train Loss: 0.3010, Train mIoU: 0.6808, Train Pixel Acc: 0.8482, Train Dice: 0.7531
2024-07-23 06:00:48,189 - INFO - Epoch 55 - Val Loss: 0.3724, Val mIoU: 0.6352, Val Pixel Acc: 0.8362, Val Dice: 0.7066
2024-07-23 06:00:48,189 - INFO - Current learning rate: 0.000345
2024-07-23 06:00:48,189 - INFO - Epoch 56/60
2024-07-23 06:22:35,958 - INFO - Epoch 56 - Train Loss: 0.2950, Train mIoU: 0.6908, Train Pixel Acc: 0.8491, Train Dice: 0.7638
2024-07-23 06:28:56,185 - INFO - Epoch 56 - Val Loss: 0.3776, Val mIoU: 0.6335, Val Pixel Acc: 0.8354, Val Dice: 0.7046
2024-07-23 06:28:56,185 - INFO - Current learning rate: 0.000222
2024-07-23 06:28:56,185 - INFO - Epoch 57/60
2024-07-23 06:50:49,815 - INFO - Epoch 57 - Train Loss: 0.2944, Train mIoU: 0.6903, Train Pixel Acc: 0.8499, Train Dice: 0.7621
2024-07-23 06:57:09,111 - INFO - Epoch 57 - Val Loss: 0.3787, Val mIoU: 0.6344, Val Pixel Acc: 0.8355, Val Dice: 0.7052
2024-07-23 06:57:09,112 - INFO - Current learning rate: 0.000125
2024-07-23 06:57:09,112 - INFO - Epoch 58/60
2024-07-23 07:19:34,812 - INFO - Epoch 58 - Train Loss: 0.2949, Train mIoU: 0.6861, Train Pixel Acc: 0.8508, Train Dice: 0.7588
2024-07-23 07:25:52,312 - INFO - Epoch 58 - Val Loss: 0.3796, Val mIoU: 0.6340, Val Pixel Acc: 0.8358, Val Dice: 0.7043
2024-07-23 07:25:52,313 - INFO - Current learning rate: 0.000056
2024-07-23 07:25:52,313 - INFO - Epoch 59/60
2024-07-23 07:48:29,981 - INFO - Epoch 59 - Train Loss: 0.2924, Train mIoU: 0.6907, Train Pixel Acc: 0.8508, Train Dice: 0.7625
2024-07-23 07:54:52,116 - INFO - Epoch 59 - Val Loss: 0.3783, Val mIoU: 0.6348, Val Pixel Acc: 0.8358, Val Dice: 0.7057
2024-07-23 07:54:52,117 - INFO - Current learning rate: 0.000014
2024-07-23 07:54:52,117 - INFO - Epoch 60/60
2024-07-23 08:17:55,756 - INFO - Epoch 60 - Train Loss: 0.2934, Train mIoU: 0.6877, Train Pixel Acc: 0.8507, Train Dice: 0.7603
2024-07-23 08:24:20,357 - INFO - Epoch 60 - Val Loss: 0.3805, Val mIoU: 0.6328, Val Pixel Acc: 0.8358, Val Dice: 0.7034
2024-07-23 08:24:20,357 - INFO - Current learning rate: 0.000000
2024-07-23 08:24:20,357 - INFO - Training completed after 60 epochs.
2024-07-23 08:24:29,658 - INFO - Training and prediction completed!
